Namespace(classes=6, dataDir='../osdi-ae-graphs', dataset='citeseer', dim=3703, gpu=0, hidden=128, model='gcn', n_epochs=200)
# Loading (npz): 0.007s 
DGL GCN (L2-H16) Time: (ms) 9.414

Namespace(classes=7, dataDir='../osdi-ae-graphs', dataset='cora', dim=1433, gpu=0, hidden=128, model='gcn', n_epochs=200)
# Loading (npz): 0.009s 
DGL GCN (L2-H16) Time: (ms) 8.946

Namespace(classes=3, dataDir='../osdi-ae-graphs', dataset='pubmed', dim=500, gpu=0, hidden=128, model='gcn', n_epochs=200)
# Loading (npz): 0.013s 
DGL GCN (L2-H16) Time: (ms) 9.472

Namespace(classes=121, dataDir='../osdi-ae-graphs', dataset='ppi', dim=50, gpu=0, hidden=128, model='gcn', n_epochs=200)
# Loading (npz): 0.034s 
DGL GCN (L2-H16) Time: (ms) 8.790

Namespace(classes=2, dataDir='../osdi-ae-graphs', dataset='PROTEINS_full', dim=29, gpu=0, hidden=128, model='gcn', n_epochs=200)
# Loading (npz): 0.015s 
DGL GCN (L2-H16) Time: (ms) 7.915

Namespace(classes=2, dataDir='../osdi-ae-graphs', dataset='OVCAR-8H', dim=66, gpu=0, hidden=128, model='gcn', n_epochs=200)
# Loading (npz): 0.125s 
DGL GCN (L2-H16) Time: (ms) 89.662

Namespace(classes=2, dataDir='../osdi-ae-graphs', dataset='Yeast', dim=74, gpu=0, hidden=128, model='gcn', n_epochs=200)
# Loading (npz): 0.108s 
DGL GCN (L2-H16) Time: (ms) 82.092

Namespace(classes=2, dataDir='../osdi-ae-graphs', dataset='DD', dim=89, gpu=0, hidden=128, model='gcn', n_epochs=200)
# Loading (npz): 0.060s 
DGL GCN (L2-H16) Time: (ms) 18.397

Namespace(classes=2, dataDir='../osdi-ae-graphs', dataset='TWITTER-Real-Graph-Partial', dim=1323, gpu=0, hidden=128, model='gcn', n_epochs=200)
# Loading (npz): 0.058s 
DGL GCN (L2-H16) Time: (ms) 52.644

Namespace(classes=2, dataDir='../osdi-ae-graphs', dataset='SW-620H', dim=66, gpu=0, hidden=128, model='gcn', n_epochs=200)
# Loading (npz): 0.131s 
DGL GCN (L2-H16) Time: (ms) 89.717

Namespace(classes=22, dataDir='../osdi-ae-graphs', dataset='amazon0505', dim=96, gpu=0, hidden=128, model='gcn', n_epochs=200)
# Loading (npz): 0.146s 
DGL GCN (L2-H16) Time: (ms) 27.783

Namespace(classes=12, dataDir='../osdi-ae-graphs', dataset='artist', dim=100, gpu=0, hidden=128, model='gcn', n_epochs=200)
# Loading (npz): 0.049s 
DGL GCN (L2-H16) Time: (ms) 8.432

Namespace(classes=22, dataDir='../osdi-ae-graphs', dataset='com-amazon', dim=96, gpu=0, hidden=128, model='gcn', n_epochs=200)
# Loading (npz): 0.073s 
DGL GCN (L2-H16) Time: (ms) 22.519

Namespace(classes=39, dataDir='../osdi-ae-graphs', dataset='soc-BlogCatalog', dim=128, gpu=0, hidden=128, model='gcn', n_epochs=200)
# Loading (npz): 0.060s 
DGL GCN (L2-H16) Time: (ms) 10.209

Namespace(classes=22, dataDir='../osdi-ae-graphs', dataset='amazon0601', dim=96, gpu=0, hidden=128, model='gcn', n_epochs=200)
# Loading (npz): 0.103s 
DGL GCN (L2-H16) Time: (ms) 26.442

