2359
1039
2467
8
1459
1656
1153
2143
495
1397
2700
1074
2013
314
437
598
1539
2396
1805
257
2535
1854
2268
2182
2385
2402
2017
278
1467
2249
1107
0
717
2038
1694
889
1272
829
370
133
2305
673
921
2242
2527
344
1662
2551
411
407
2663
1752
1235
1576
2317
959
671
1164
1481
1491
830
1118
1302
1168
1592
1176
2160
1010
2473
1861
1005
2482
1434
1390
1145
488
984
1067
325
1774
1227
1215
124
1601
485
2325
1076
924
989
2235
1560
2102
2179
2635
1132
1330
658
1017
621
2021
1206
586
1948
1908
2322
1485
1992
2606
2189
1814
1402
1618
1819
1015
2621
1063
781
2168
940
2576
866
1879
2015
2020
745
2670
1904
2018
2541
1029
980
1355
2583
1791
1926
1793
1588
1794
1764
1956
2202
402
1230
2381
2173
2178
1096
2041
160
1119
197
2025
2239
1962
1528
1561
1559
2409
436
393
2453
926
954
2550
967
2415
2071
53
49
2412
1508
291
2110
1381
1667
660
2312
162
1939
2310
399
648
1314
1315
23
2457
537
2146
1703
2687
655
1885
1250
2673
104
1072
2028
2311
134
1054
2006
2461
1332
1042
843
1055
2480
1937
2142
89
971
968
503
2174
2431
1784
256
100
323
264
1563
1567
444
1479
440
1986
2374
1668
1944
2300
287
2315
2309
2540
1265
2375
1765
553
2566
1189
2109
2664
709
101
1372
2063
1466
2152
2258
845
33
225
661
224
266
916
2114
1228
2225
2167
1241
2332
652
1535
2557
2662
797
2449
1364
533
708
2072
987
474
1114
2275
1193
1052
2122
720
632
575
1007
121
486
2039
2035
2154
272
1682
1339
2140
38
441
1786
242
1533
2458
507
2055
784
1612
1921
1897
2328
1098
1919
2494
1922
377
204
2358
1681
280
2450
1213
2384
1828
1810
1463
115
2288
1943
958
857
961
1523
501
1338
1911
2099
644
2465
1691
1311
2489
191
1387
262
2089
2228
1641
2704
2355
1732
1938
1686
1218
119
832
1928
315
190
1334
1070
835
876
1445
1540
1733
2562
90
2263
1470
1544
1242
2442
1348
145
14
2542
2537
1504
1158
478
2244
1566
383
159
2591
44
151
1884
378
1832
15
2294
2314
2608
1734
25
2474
2545
1026
75
605
285
2131
610
1257
2553
2319
230
1501
2164
1095
1927
1844
1219
1845
2649
233
670
477
680
844
1826
1942
532
831
1053
1750
2144
1216
868
1516
1806
1377
140
368
431
1999
116
2113
1225
338
864
2638
963
1706
885
1006
2030
2257
2210
2486
932
669
2569
1607
153
1058
1790
352
691
466
1252
1756
2675
1961
2479
869
446
2253
1513
2400
1631
2330
2593
522
1040
806
2558
97
1980
1327
2702
46
851
2582
1425
1644
294
865
1896
1303
339
1821
2199
591
764
654
149
2472
1398
2193
676
1178
877
682
556
1634
2040
2135
803
1954
701
268
1318
481
732
300
2108
1374
852
2201
849
1626
716
1827
24
2425
1772
363
1698
1211
1519
1214
816
911
1260
394
2362
1515
1669
1473
1417
2171
2500
666
1012
2607
1964
1171
1259
2145
56
2423
794
302
2634
2695
1697
2443
937
1191
1808
589
1352
2548
41
1454
1711
1812
2688
1373
1086
1418
305
1184
2459
1049
1162
2601
2134
570
2136
84
761
296
1506
665
2205
491
2230
42
1141
1976
2034
1876
2668
1248
2514
1045
2427
1453
677
879
2426
596
809
795
158
1775
1860
549
283
508
1883
1672
2625
2520
2647
1640
1240
1489
1595
365
273
1175
521
846
419
2206
2285
1978
1366
2027
1625
1666
1062
2124
1529
2361
783
464
331
1929
2075
2406
607
2518
1246
2596
674
2643
2575
2594
2660
733
1342
860
1037
2148
1038
1820
1923
1438
472
1068
1955
1021
2502
2428
2372
2132
718
1851
863
518
2447
1059
1564
1087
1088
1135
2651
1997
382
1866
1294
731
1061
1356
1715
936
1661
1382
148
1546
2357
427
2162
1313
2678
1849
1051
1106
2036
1967
1982
1030
824
2676
1722
364
2251
1308
1745
2627
1749
681
650
2498
157
335
1768
1089
1044
1899
2544
27
723
1396
800
883
170
2336
2694
519
609
1291
1536
392
1281
1034
1278
909
1113
1027
401
1585
1736
271
1480
2445
563
1008
1702
1115
2661
1280
1344
892
1725
2587
2115
1581
1616
2279
1408
2222
1599
1309
1675
601
2380
2318
1742
1099
2296
955
623
1274
40
349
229
823
696
698
4
1760
2062
2088
1717
467
448
962
414
2272
292
397
237
2630
359
943
1676
1392
2213
208
1410
2683
1878
817
1728
2277
1499
2645
2074
798
1166
2405
223
2090
2079
978
867
1568
2043
1623
1409
445
822
1645
1411
1636
2618
858
2219
310
815
1589
6
1940
1357
299
1762
164
711
1299
2623
986
927
213
2556
2378
475
1868
714
74
651
903
2697
1614
1043
2404
85
1036
1199
1598
1510
1325
369
371
2321
1857
2303
1443
755
2347
67
1448
251
2335
2373
199
1354
244
1834
2130
1060
1385
1693
1671
2238
855
417
1889
1238
1414
894
2639
186
2081
604
888
2399
1084
2181
2456
2407
1293
1578
934
2602
1735
79
630
624
2485
1890
2076
428
1562
196
581
559
2516
246
1692
2382
635
2066
520
2073
769
2352
2393
498
1689
45
1393
2503
1670
1130
1057
1476
1952
274
459
2559
2680
424
2085
788
2706
2262
449
1865
362
2636
1337
1627
2529
1998
638
146
1346
1909
2510
1719
209
357
2252
1296
1301
842
35
2419
1723
1537
2605
540
1064
2497
1771
1569
1678
1571
565
1875
510
1462
429
1172
1654
2156
1426
754
941
183
2495
675
821
328
995
141
1316
1572
1687
530
2009
403
1471
313
450
1277
1520
1125
1778
2256
1584
1838
625
217
2096
1455
1249
2105
735
345
329
2574
2476
1979
1157
560
808
1020
939
1597
413
1977
1379
28
1395
37
1497
1594
856
1553
1622
1160
1855
2499
1958
2061
1154
447
2307
109
2077
2370
2299
184
2455
52
1766
705
1984
2659
2087
388
81
76
2326
1824
1509
1167
1187
2693
137
2707
1653
778
515
780
1738
1247
1138
1120
106
2053
2287
505
774
517
2247
1254
1255
595
1460
725
599
2226
494
2129
1041
249
254
2424
480
2198
1435
881
760
724
550
26
174
2433
70
1996
2603
1648
1048
303
1229
1143
66
2434
1066
2674
1433
516
1147
2420
2444
2666
78
1931
743
2356
739
297
139
1422
882
125
1232
2701
627
1835
2083
1965
1699
1270
602
1550
1652
1619
2342
1083
2224
1483
1384
956
2227
1882
511
372
1401
2064
640
1642
2175
2350
2595
2652
1710
2165
738
2329
1333
975
1427
241
243
919
2650
1953
1981
2549
2555
826
2123
526
887
886
1423
828
214
387
1891
142
706
2086
1886
1159
1386
577
1754
2048
870
1326
1464
175
2197
2147
1591
2150
267
2369
506
1389
707
1518
286
1140
326
1186
513
770
304
771
2289
2644
896
534
1452
108
2149
2286
2506
2267
64
2508
1031
1527
270
2273
203
479
1620
2471
1966
1035
2390
1782
1368
1336
1950
1439
1920
1437
135
1456
179
1789
875
120
430
2689
2504
2259
381
915
2592
951
897
747
597
193
71
1188
1093
2572
2586
379
1290
1605
1679
1716
1713
1582
678
2501
1643
1000
746
504
765
1545
1163
189
2468
891
2379
12
2422
222
2403
1276
564
1951
1630
1543
1729
1436
1001
2158
2599
2598
2597
895
2395
2394
1555
2011
535
130
726
1169
2371
1173
509
497
2192
2194
327
1323
307
853
1117
238
1914
1842
1811
991
1525
253
749
107
948
977
1331
1822
573
1109
132
2236
637
700
1018
2554
568
453
2437
1695
647
2616
1376
923
265
2304
2283
143
1874
2690
2231
694
3
922
715
1700
29
1180
814
463
110
111
2211
572
1500
1451
156
2338
827
1297
582
86
1222
1748
2
964
1867
787
1324
1375
786
418
2223
643
2397
2532
2302
2067
2505
2561
2563
1065
1815
1721
263
2538
2539
1127
914
324
910
802
776
163
1245
384
2093
1405
1511
2059
2058
1530
1570
182
1394
2487
1091
2023
166
2512
2007
2346
2665
114
2237
1731
729
730
1104
1949
88
2290
102
913
2484
2466
1002
734
736
1461
1817
2126
127
65
1192
653
234
1621
1234
1094
2119
2685
1684
2111
2414
1047
1244
2166
250
2679
2333
1431
1150
639
1741
2051
703
1341
966
235
312
1917
129
1633
367
1080
2633
2496
301
2117
1388
740
782
1111
546
2187
1275
1268
945
2301
2686
2065
2046
2705
1415
2139
1197
1604
1144
82
2047
1603
622
319
791
1221
692
758
837
1378
920
2232
2260
92
171
2057
633
539
1003
742
702
1201
451
259
1024
462
144
1639
1358
290
2579
1347
1903
1267
2564
22
2672
1237
1360
218
122
1803
1947
1632
2522
1800
1573
900
722
618
154
1050
1957
1758
415
1825
96
306
239
2609
2552
1285
201
2526
2441
1872
2233
1380
767
1155
585
358
341
697
2176
1
544
1486
117
600
1404
1985
1610
1283
2418
1579
181
1673
255
55
1907
1371
58
1674
452
973
355
667
1701
2094
2546
1737
385
748
1975
1833
619
970
1488
1236
1657
908
1306
1538
2128
128
1310
2389
820
1587
168
1271
1930
1709
118
840
944
1685
2190
2151
1131
2604
1783
878
2234
295
1079
1873
21
904
1655
766
616
406
63
468
356
408
953
836
1149
1823
974
536
10
2640
779
777
949
1934
2391
1204
1847
1871
649
470
1340
94
1468
167
1558
930
1983
2141
1223
1690
1194
2589
321
2170
1894
2658
2376
2270
2280
337
1893
1351
2657
2331
1660
1502
1659
1493
2590
1705
1482
1383
1649
1531
1552
1554
1472
1683
1743
1744
590
1361
1704
206
620
1658
1651
898
1586
588
1712
1556
1593
1664
1577
594
999
1521
1724
1635
584
1680
1549
1677
1492
1611
1406
1522
1526
1524
1650
1542
1343
1514
1185
1432
1465
1615
1557
1624
1637
1609
1972
1320
1256
1963
1970
1802
1960
1974
1905
1720
1807
1971
1831
1959
1264
1837
1973
1776
1829
1801
1900
2095
2092
1906
1887
664
2212
2214
2220
2218
1840
1912
236
2698
1273
1901
1071
1638
1809
353
351
298
354
316
308
289
386
293
185
311
391
376
202
2348
1769
309
2421
2570
2543
2568
2565
2567
2560
1416
1412
1413
1391
1608
2184
2180
1321
1329
1075
813
1217
873
839
752
603
2282
838
1182
672
719
617
1785
2368
2367
737
1915
2327
2454
2483
2366
2364
2353
2363
2345
2354
2360
2281
2377
1056
2410
1941
2365
2349
728
2417
2488
2339
1946
762
893
1025
850
1019
1016
1014
1575
1429
1430
435
434
433
1146
2383
2308
899
2628
2626
2588
2612
2641
2581
2632
2631
2614
969
1085
1090
950
1177
1877
2691
997
890
704
684
631
689
699
695
1859
1212
1123
1126
425
1122
1853
1100
1105
952
1097
260
226
221
261
240
227
793
792
258
228
220
198
252
192
195
188
194
200
512
187
423
426
2684
2669
2653
2646
569
1022
2585
2615
2677
2571
2573
2255
2254
2264
2276
972
2274
2069
2269
642
825
759
772
2042
757
847
871
872
763
979
960
917
2637
2493
2469
284
2477
2490
1317
2121
73
2411
2440
496
574
1888
2044
2451
2107
2103
2462
2470
2492
562
2491
390
2452
928
2401
988
805
841
901
929
983
906
905
957
1161
688
2703
854
2439
1777
275
2438
1023
935
933
1841
400
443
1174
1935
398
442
439
2031
409
438
360
366
1788
1781
1787
1780
1226
662
1852
1142
1233
1202
1152
1207
1210
465
1092
1033
1032
1028
499
500
247
245
248
1322
812
811
902
1282
1292
1304
350
348
340
1763
1902
1818
1895
1804
1349
1843
1918
1253
1913
1839
1916
1924
322
1813
1583
1262
1796
1779
1773
1770
756
819
818
994
990
848
1628
1261
1263
1312
775
773
679
931
1739
2292
2295
1139
2297
2298
2037
2033
2097
2098
2100
59
69
68
57
60
61
432
1190
641
1195
634
656
907
965
789
2388
2392
2387
2386
1898
1799
1797
483
473
482
476
461
712
992
626
768
629
859
2186
2185
2183
2195
2191
1112
1110
925
946
938
1345
1362
1359
2436
2435
1231
460
458
1458
1457
611
985
884
1209
1307
1200
1208
1004
741
1289
2112
690
1870
687
2313
2172
2430
2432
2429
1305
1298
1151
1295
1284
1696
1279
1288
421
412
422
578
1740
2188
2320
1136
1746
1751
1755
1747
1757
659
1816
1328
1548
1551
489
487
492
490
484
785
799
796
279
333
1181
332
1196
2648
2278
2271
2266
2265
2240
557
555
548
547
543
545
542
136
150
123
1881
1880
320
1269
1987
1945
205
502
2024
912
1046
2082
1129
880
1170
1864
1863
380
2547
2536
2656
2655
2654
693
2667
753
1300
646
1400
710
861
657
571
2577
2578
2580
2619
2622
2209
2208
336
334
636
628
1077
281
2217
2216
2215
2084
389
2137
343
524
373
375
1507
396
330
1856
1203
1116
2334
2316
976
947
2398
1830
1848
1846
1862
1892
1730
1714
1319
1836
1969
1968
1792
1286
1798
1148
1156
1665
2026
2050
2022
210
216
215
5
874
1101
1103
2138
2118
1258
2133
2127
918
72
77
80
83
1133
1137
1134
2125
1428
276
282
2029
2671
1850
1574
1663
615
612
613
614
608
1424
2448
2534
2533
2091
1503
2106
2104
2101
404
2078
2080
1078
993
2054
2068
2696
1363
593
592
1475
126
810
801
804
807
405
2246
2241
2245
1761
1759
996
862
361
2600
1224
1767
31
32
523
579
576
580
1082
1081
1165
1179
606
1580
1869
713
1073
751
750
834
833
34
2460
1991
1990
2507
2248
2243
942
50
48
1447
1449
1403
1444
1490
1505
1512
1494
1498
1600
790
1726
1365
1532
1069
2016
2014
1565
686
683
1420
1407
1993
113
2229
2221
2196
1517
982
981
1243
1239
410
1251
99
98
1102
1487
561
744
2509
645
2624
51
16
17
663
471
2323
2324
54
1128
2613
1613
2408
1932
1933
2207
2610
2052
1220
721
727
1198
1596
1795
1925
2620
1335
219
2293
2611
1287
1183
469
1477
1478
2682
2681
152
2284
2056
420
1441
1442
2049
1547
43
1011
2617
2511
1450
558
2478
1753
528
527
1727
2169
155
554
551
342
212
529
9
2699
1629
2200
2204
2203
288
531
374
2692
1421
211
1369
1370
1367
395
1647
1646
39
105
112
2531
2528
2530
2475
47
2344
2337
2343
2340
525
1124
1205
62
277
514
541
1602
2351
2153
1353
1350
30
2060
2291
2120
2116
1266
2629
998
318
1936
587
583
1910
207
7
232
1988
1989
2019
1108
2446
1469
2642
231
2306
269
1606
493
1399
2464
1590
2070
455
454
1121
2584
2177
2261
2525
456
457
1688
1009
2163
567
2161
552
2523
2005
2004
2003
2032
668
2517
2045
1474
1541
1617
1013
2250
103
95
93
685
1718
1484
1446
1858
1496
1495
1440
1707
1708
36
11
2012
2010
180
2513
1994
1995
347
346
2515
165
177
176
178
173
1tensor([[   0,    0,    0,  ..., 2707, 2707, 2707],
        [ 633, 1862, 2582,  ...,  165, 1473, 2706]], dtype=torch.int32)
Loading graph from txt source (ms): 21.720
torch.Size([2, 10858])
tensor([[   0,    0,    0,  ..., 2707, 2707, 2707],
        [ 633, 1862, 2582,  ...,  165, 1473, 2706]], dtype=torch.int32)
72
2008
147
138
169
317
91
161
87
131
1534
20
18
19
1419
2521
2481
2159
2002
2000
2001
2463
2157
416
566
2341
2524
538
13
2519
2155
2413
2416
