0 2690
1 1039
2 2525
3 8
4 354
5 625
6 1204
7 2056
8 1091
9 322
10 2475
11 1792
12 1705
13 2052
14 1886
15 849
16 487
17 2598
18 1531
19 233
20 2356
21 820
22 2222
23 2096
24 2589
25 2604
26 1709
27 2016
28 332
29 2288
30 1159
31 0
32 1806
33 1492
34 659
35 931
36 1340
37 2312
38 1970
39 102
40 2647
41 811
42 943
43 2280
44 2144
45 1951
46 618
47 2345
48 2571
49 2567
50 2172
51 1555
52 1280
53 518
54 1735
55 1003
56 809
57 1215
58 345
59 369
60 2313
61 1188
62 1353
63 1219
64 536
65 1227
66 2073
67 2193
68 2531
69 832
70 766
71 2540
72 279
73 407
74 1775
75 703
76 1017
77 1785
78 1938
79 1400
80 1248
81 1271
82 93
83 538
84 700
85 1743
86 1065
87 946
88 1022
89 2274
90 508
91 1503
92 2101
93 2439
94 1763
95 1391
96 2478
97 2202
98 874
99 1713
100 1260
101 283
102 1869
103 1626
104 1740
105 363
106 1684
107 2423
108 2094
109 1540
110 444
111 251
112 1545
113 2196
114 1834
115 1063
116 717
117 2081
118 962
119 2398
120 904
121 1433
122 1707
123 1712
124 1816
125 2445
126 1622
127 1710
128 2362
129 2186
130 1013
131 410
132 2400
133 1517
134 1644
135 1519
136 2299
137 1520
138 1567
139 1648
140 2241
141 2561
142 1251
143 2556
144 2086
145 2091
146 1083
147 1417
148 124
149 1189
150 158
151 1427
152 2278
153 1654
154 476
155 509
156 507
157 2611
158 1885
159 1993
160 2511
161 948
162 998
163 2344
164 987
165 2617
166 1466
167 53
168 49
169 2614
170 384
171 2029
172 1716
173 308
174 631
175 798
176 2654
177 131
178 1862
179 2652
180 1999
181 788
182 1359
183 1360
184 23
185 2515
186 1140
187 2059
188 259
189 2462
190 795
191 1603
192 1306
193 2448
194 66
195 1790
196 1482
197 2653
198 103
199 1055
200 1698
201 2519
202 426
203 1041
204 882
205 1053
206 2538
207 1860
208 2055
209 80
210 991
211 988
212 1099
213 2087
214 2489
215 1410
216 232
217 62
218 1930
219 240
220 514
221 515
222 661
223 343
224 1889
225 1678
226 2705
227 633
228 605
229 2642
230 2025
231 2657
232 2651
233 2361
234 1333
235 2706
236 1568
237 1168
238 2372
239 1240
240 1715
241 2173
242 1796
243 63
244 583
245 1440
246 331
247 2065
248 2212
249 887
250 33
251 194
252 799
253 193
254 242
255 977
256 1720
257 1249
258 2264
259 2080
260 1294
261 2663
262 792
263 483
264 2351
265 2171
266 721
267 2507
268 268
269 1136
270 1802
271 1467
272 1020
273 689
274 1184
275 2229
276 1265
277 1052
278 1724
279 1809
280 757
281 1152
282 2194
283 90
284 701
285 1415
286 1489
287 2067
288 2010
289 647
290 433
291 1757
292 38
293 1890
294 1412
295 217
296 481
297 2516
298 1103
299 1453
300 725
301 245
302 1642
303 1612
304 2659
305 1086
306 1639
307 2109
308 1640
309 1977
310 165
311 2689
312 646
313 2018
314 2508
315 1269
316 2559
317 1509
318 1536
319 358
320 84
321 1124
322 604
323 1002
324 895
325 1005
326 471
327 1097
328 432
329 1630
330 1500
331 784
332 2523
333 656
334 1381
335 2547
336 152
337 405
338 238
339 1478
340 2269
341 609
342 2481
343 2686
344 2332
345 1861
346 651
347 1274
348 88
349 2315
350 1646
351 2053
352 151
353 428
354 1788
355 2318
356 918
357 315
358 488
359 2336
360 2374
361 79
362 2217
363 335
364 492
365 1295
366 2500
367 423
368 111
369 14
370 2363
371 2358
372 463
373 1209
374 693
375 2284
376 512
377 1983
378 122
379 2408
380 44
381 125
382 1602
383 1978
384 1513
385 15
386 2636
387 2656
388 2425
389 2334
390 25
391 2532
392 2366
393 2183
394 1896
395 856
396 2023
397 1748
398 861
399 1313
400 2347
401 1737
402 198
403 376
404 2077
405 1082
406 1645
407 1597
408 1275
409 1598
410 2154
411 208
412 808
413 692
414 818
415 883
416 1573
417 1865
418 1135
419 2314
420 1054
421 1553
422 2057
423 1272
424 1780
425 390
426 1532
427 588
428 106
429 1968
430 1880
431 1691
432 85
433 1719
434 1242
435 1945
436 903
437 2436
438 1007
439 262
440 927
441 767
442 1484
443 2211
444 2249
445 2544
446 954
447 807
448 2379
449 544
450 127
451 1058
452 1516
453 2001
454 777
455 681
456 1308
457 1559
458 2450
459 1653
460 2537
461 1781
462 663
463 2207
464 381
465 2602
466 576
467 2661
468 2413
469 1110
470 1040
471 735
472 2352
473 59
474 1672
475 1347
476 2477
477 46
478 890
479 2399
480 466
481 566
482 2032
483 905
484 1609
485 1354
486 1946
487 1547
488 2238
489 270
490 1844
491 794
492 115
493 2530
494 324
495 2104
496 814
497 1229
498 919
499 768
500 1176
501 592
502 1416
503 1752
504 732
505 1875
506 842
507 244
508 1363
509 696
510 299
511 2038
512 1714
513 585
514 891
515 2240
516 885
517 571
518 1805
519 1574
520 24
521 2627
522 1398
523 1963
524 254
525 1284
526 393
527 1270
528 745
529 972
530 1328
531 1994
532 2693
533 389
534 634
535 337
536 459
537 2084
538 2115
539 804
540 2198
541 2424
542 1656
543 1222
544 1315
545 2058
546 1908
547 2625
548 184
549 2040
550 2438
551 2470
552 253
553 2501
554 959
555 1263
556 1534
557 286
558 398
559 2342
560 41
561 349
562 2292
563 1538
564 2463
565 584
566 1073
567 460
568 2043
569 1235
570 2517
571 1049
572 1214
573 2416
574 1750
575 1147
576 1753
577 1905
578 1841
579 2034
580 382
581 803
582 2244
583 706
584 2271
585 42
586 1772
587 1668
588 1488
589 1430
590 2177
591 1302
592 2131
593 1045
594 2485
595 348
596 815
597 921
598 2628
599 847
600 738
601 719
602 123
603 1401
604 831
605 1106
606 2021
607 1104
608 1601
609 637
610 1838
611 2137
612 2152
613 608
614 1293
615 367
616 377
617 1965
618 2011
619 1226
620 1109
621 888
622 2579
623 2245
624 1121
625 1670
626 577
627 1481
628 570
629 630
630 1062
631 1730
632 477
633 2692
634 724
635 679
636 1931
637 1852
638 1470
639 2606
640 858
641 2135
642 1300
643 2410
644 812
645 2444
646 2397
647 2418
648 2169
649 300
650 436
651 899
652 1037
653 2061
654 1038
655 1546
656 1632
657 330
658 687
659 1786
660 1647
661 2206
662 2117
663 2486
664 2704
665 1749
666 1807
667 1304
668 902
669 1131
670 2505
671 1059
672 510
673 1074
674 1075
675 1766
676 2156
677 1689
678 1982
679 1586
680 1326
681 298
682 1061
683 411
684 2303
685 958
686 617
687 309
688 114
689 499
690 2688
691 1876
692 2075
693 1383
694 2453
695 1595
696 1051
697 1158
698 1490
699 1659
700 1674
701 2187
702 753
703 2451
704 2324
705 1964
706 2290
707 1378
708 1549
709 2382
710 1552
711 819
712 790
713 2113
714 121
715 1935
716 1394
717 1076
718 1044
719 1614
720 2365
721 27
722 294
723 323
724 729
725 925
726 139
727 2667
728 2469
729 1132
730 860
731 1323
732 484
733 1992
734 1374
735 2191
736 1377
737 942
738 1183
739 2184
740 2562
741 2296
742 2335
743 2009
744 344
745 2503
746 1389
747 2195
748 258
749 1185
750 2170
751 1373
752 419
753 934
754 2321
755 2404
756 1721
757 532
758 249
759 2233
760 450
761 2261
762 554
763 1379
764 640
765 852
766 2555
767 1736
768 614
769 1087
770 2638
771 999
772 872
773 1342
774 40
775 1956
776 197
777 752
778 837
779 839
780 4
781 1563
782 1439
783 1477
784 2305
785 682
786 665
787 1006
788 2574
789 2226
790 2030
791 1997
792 212
793 2385
794 1959
795 965
796 641
797 438
798 2252
799 202
800 452
801 2458
802 1432
803 746
804 2328
805 2231
806 374
807 2150
808 1469
809 722
810 1217
811 2608
812 220
813 1479
814 1461
815 1010
816 906
817 516
818 1419
819 568
820 451
821 662
822 751
823 567
824 453
825 594
826 1831
827 896
828 2258
829 2048
830 744
831 2300
832 6
833 1863
834 412
835 2037
836 1565
837 133
838 1798
839 1352
840 1836
841 1019
842 949
843 186
844 2350
845 2553
846 690
847 826
848 602
849 1895
850 791
851 912
852 2472
853 247
854 1043
855 2609
856 75
857 1036
858 1288
859 553
860 386
861 1370
862 1969
863 1971
864 1739
865 823
866 2645
867 314
868 1826
869 2678
870 1919
871 318
872 227
873 2666
874 2703
875 160
876 409
877 219
878 1578
879 1747
880 1060
881 549
882 658
883 632
884 2277
885 898
886 2577
887 1610
888 1291
889 456
890 936
891 2440
892 172
893 1463
894 855
895 930
896 2601
897 1071
898 2103
899 2514
900 2607
901 1325
902 529
903 956
904 2419
905 2333
906 1900
907 755
908 873
909 2543
910 1611
911 1458
912 1877
913 513
914 157
915 561
916 1385
917 2133
918 221
919 657
920 2557
921 760
922 1443
923 1108
924 1468
925 1849
926 2683
927 2595
928 1094
929 654
930 45
931 439
932 2118
933 635
934 1761
935 1057
936 340
937 1873
938 2012
939 674
940 2369
941 2455
942 2584
943 1474
944 178
945 2483
946 2216
947 666
948 1585
949 1962
950 2434
951 431
952 572
953 2146
954 1690
955 778
956 112
957 421
958 1628
959 2127
960 2307
961 203
962 2006
963 2291
964 1344
965 1350
966 881
967 35
968 2621
969 2325
970 485
971 2422
972 1143
973 1064
974 2112
975 1397
976 520
977 643
978 522
979 1174
980 1429
981 1117
982 357
983 1879
984 1223
985 623
986 2069
987 467
988 1825
989 963
990 169
991 2110
992 813
993 750
994 1941
995 1028
996 107
997 1361
998 523
999 652
1000 1144
1001 1701
1002 2563
1003 336
1004 2051
1005 667
1006 1376
1007 394
1008 1195
1009 1404
1010 2210
1011 2295
1012 1589
1013 876
1014 190
1015 1499
1016 350
1017 1297
1018 1506
1019 302
1020 1952
1021 1942
1022 2391
1023 2534
1024 1671
1025 1208
1026 1386
1027 737
1028 2205
1029 961
1030 552
1031 2573
1032 1669
1033 306
1034 28
1035 441
1036 37
1037 372
1038 636
1039 894
1040 502
1041 559
1042 1211
1043 821
1044 2114
1045 1650
1046 1438
1047 1205
1048 664
1049 2649
1050 71
1051 1459
1052 2701
1053 2641
1054 170
1055 2513
1056 52
1057 1392
1058 1799
1059 1676
1060 2168
1061 1476
1062 1988
1063 1902
1064 1897
1065 1744
1066 1571
1067 385
1068 1218
1069 1238
1070 2468
1071 116
1072 2484
1073 622
1074 714
1075 1128
1076 716
1077 2338
1078 1301
1079 1769
1080 1190
1081 68
1082 1451
1083 1123
1084 1101
1085 710
1086 1130
1087 2286
1088 1310
1089 1311
1090 846
1091 355
1092 289
1093 850
1094 2267
1095 1090
1096 1746
1097 1042
1098 225
1099 230
1100 2626
1101 695
1102 2237
1103 280
1104 923
1105 1840
1106 288
1107 1107
1108 26
1109 141
1110 2491
1111 1922
1112 1688
1113 2420
1114 598
1115 1048
1116 2041
1117 1250
1118 1773
1119 1918
1120 2492
1121 1784
1122 2449
1123 278
1124 1129
1125 1200
1126 2622
1127 2502
1128 2175
1129 1899
1130 1854
1131 1814
1132 2687
1133 1810
1134 2035
1135 118
1136 402
1137 924
1138 94
1139 1277
1140 2476
1141 1777
1142 1579
1143 1472
1144 1657
1145 255
1146 1338
1147 853
1148 496
1149 621
1150 556
1151 2673
1152 1070
1153 2263
1154 347
1155 550
1156 1000
1157 2268
1158 1436
1159 1118
1160 1972
1161 443
1162 1441
1163 780
1164 564
1165 2088
1166 2681
1167 2409
1168 2157
1169 266
1170 2078
1171 305
1172 2660
1173 427
1174 1011
1175 468
1176 216
1177 218
1178 980
1179 2155
1180 1874
1181 1673
1182 2343
1183 2349
1184 2309
1185 1725
1186 1114
1187 929
1188 928
1189 403
1190 2311
1191 187
1192 1987
1193 1616
1194 108
1195 1800
1196 1475
1197 1604
1198 1210
1199 551
1200 1171
1201 1557
1202 1446
1203 1782
1204 1371
1205 359
1206 144
1207 2236
1208 2060
1209 535
1210 2063
1211 243
1212 2700
1213 1102
1214 404
1215 1801
1216 392
1217 2024
1218 1771
1219 1939
1220 1237
1221 1120
1222 1850
1223 2042
1224 1851
1225 1125
1226 2149
1227 938
1228 1137
1229 327
1230 70
1231 2062
1232 1122
1233 2123
1234 2221
1235 1916
1236 2125
1237 2188
1238 475
1239 2008
1240 2227
1241 164
1242 694
1243 557
1244 2529
1245 1658
1246 1035
1247 2592
1248 1408
1249 579
1250 430
1251 1871
1252 310
1253 1641
1254 329
1255 104
1256 351
1257 148
1258 1515
1259 917
1260 89
1261 1878
1262 2464
1263 2121
1264 2213
1265 1981
1266 976
1267 2417
1268 995
1269 939
1270 1818
1271 848
1272 154
1273 1923
1274 1239
1275 1080
1276 2389
1277 2403
1278 1979
1279 1322
1280 542
1281 644
1282 2304
1283 2301
1284 533
1285 816
1286 2116
1287 565
1288 1033
1289 1817
1290 1100
1291 1845
1292 498
1293 1213
1294 150
1295 2526
1296 933
1297 2554
1298 12
1299 2624
1300 177
1301 2605
1302 1375
1303 1390
1304 1872
1305 575
1306 491
1307 2329
1308 328
1309 1034
1310 2071
1311 2414
1312 2411
1313 2412
1314 937
1315 2597
1316 2596
1317 503
1318 1703
1319 1138
1320 99
1321 290
1322 1220
1323 2702
1324 1224
1325 1105
1326 1093
1327 2107
1328 2105
1329 1940
1330 1368
1331 2047
1332 892
1333 1187
1334 213
1335 1634
1336 1593
1337 1537
1338 1024
1339 473
1340 229
1341 1820
1342 69
1343 970
1344 1009
1345 425
1346 1569
1347 1150
1348 1179
1349 101
1350 2275
1351 762
1352 841
1353 2203
1354 2348
1355 2161
1356 2119
1357 2495
1358 660
1359 787
1360 2433
1361 587
1362 945
1363 241
1364 2646
1365 2629
1366 109
1367 1577
1368 2465
1369 2265
1370 835
1371 3
1372 944
1373 603
1374 256
1375 29
1376 1231
1377 743
1378 678
1379 72
1380 73
1381 2250
1382 1149
1383 375
1384 326
1385 120
1386 2669
1387 2310
1388 1345
1389 562
1390 76
1391 1245
1392 1551
1393 2
1394 984
1395 1587
1396 728
1397 1369
1398 586
1399 727
1400 2578
1401 2262
1402 783
1403 2599
1404 2353
1405 2644
1406 1444
1407 2122
1408 2371
1409 2375
1410 1783
1411 1541
1412 2323
1413 239
1414 2359
1415 2360
1416 1196
1417 975
1418 1937
1419 971
1420 731
1421 712
1422 132
1423 1299
1424 1984
1425 1496
1426 447
1427 387
1428 1457
1429 1456
1430 478
1431 521
1432 166
1433 440
1434 2545
1435 1078
1436 1425
1437 136
1438 2129
1439 1699
1440 2677
1441 2174
1442 83
1443 2276
1444 2331
1445 297
1446 296
1447 1156
1448 1870
1449 78
1450 1126
1451 64
1452 974
1453 2542
1454 2524
1455 763
1456 301
1457 303
1458 356
1459 1543
1460 1732
1461 96
1462 1917
1463 1264
1464 793
1465 209
1466 558
1467 1278
1468 1081
1469 1729
1470 2460
1471 649
1472 1717
1473 2616
1474 1047
1475 1298
1476 2079
1477 226
1478 2454
1479 2664
1480 276
1481 1203
1482 779
1483 2341
1484 1449
1485 844
1486 435
1487 986
1488 210
1489 2050
1490 1637
1491 98
1492 591
1493 1967
1494 1067
1495 2437
1496 2111
1497 2039
1498 1727
1499 406
1500 1811
1501 718
1502 1181
1503 1163
1504 2092
1505 1343
1506 1336
1507 967
1508 2643
1509 2461
1510 1442
1511 1422
1512 2482
1513 457
1514 1756
1515 1286
1516 541
1517 1774
1518 1903
1519 1423
1520 540
1521 875
1522 1926
1523 181
1524 1244
1525 833
1526 1829
1527 2320
1528 589
1529 981
1530 2266
1531 2214
1532 54
1533 140
1534 1455
1535 758
1536 1142
1537 764
1538 1813
1539 843
1540 1255
1541 668
1542 235
1543 2181
1544 677
1545 110
1546 607
1547 413
1548 2028
1549 2394
1550 422
1551 1621
1552 1335
1553 2376
1554 22
1555 2447
1556 1290
1557 415
1558 191
1559 91
1560 1529
1561 1868
1562 590
1563 2139
1564 1526
1565 524
1566 613
1567 293
1568 869
1569 128
1570 1050
1571 1649
1572 1561
1573 2575
1574 1572
1575 58
1576 2046
1577 214
1578 2426
1579 2346
1580 1317
1581 162
1582 2143
1583 2499
1584 1576
1585 2272
1586 307
1587 1847
1588 1206
1589 282
1590 1958
1591 1948
1592 838
1593 2089
1594 1
1595 1161
1596 364
1597 86
1598 851
1599 446
1600 1677
1601 546
1602 1254
1603 2620
1604 530
1605 168
1606 638
1607 231
1608 1907
1609 1625
1610 582
1611 1910
1612 639
1613 2120
1614 993
1615 2004
1616 805
1617 257
1618 1497
1619 2367
1620 2337
1621 1985
1622 1819
1623 1667
1624 1514
1625 870
1626 990
1627 366
1628 1252
1629 626
1630 941
1631 1357
1632 486
1633 1745
1634 97
1635 1380
1636 2591
1637 749
1638 2298
1639 135
1640 1339
1641 1853
1642 265
1643 87
1644 879
1645 966
1646 650
1647 2095
1648 2064
1649 1762
1650 2421
1651 1409
1652 920
1653 2273
1654 2033
1655 1795
1656 1575
1657 21
1658 913
1659 624
1660 1846
1661 867
1662 2566
1663 1915
1664 683
1665 2005
1666 2568
1667 997
1668 2319
1669 1202
1670 1570
1671 994
1672 1139
1673 10
1674 2441
1675 715
1676 713
1677 982
1678 1857
1679 2593
1680 1258
1681 1600
1682 1588
1683 789
1684 685
1685 434
1686 56
1687 333
1688 137
1689 506
1690 952
1691 1675
1692 1758
1693 1246
1694 655
1695 1266
1696 2406
1697 1928
1698 2083
1699 1607
1700 2165
1701 2707
1702 2224
1703 2234
1704 1944
1705 1618
1706 397
1707 2167
1708 2662
1709 610
1710 461
1711 628
1712 527
1713 2407
1714 261
1715 346
1716 548
1717 599
1718 479
1719 500
1720 501
1721 361
1722 648
1723 615
1724 616
1725 287
1726 416
1727 260
1728 200
1729 871
1730 627
1731 601
1732 611
1733 2297
1734 285
1735 2293
1736 504
1737 537
1738 620
1739 519
1740 273
1741 1032
1742 395
1743 2326
1744 593
1745 281
1746 645
1747 495
1748 642
1749 526
1750 547
1751 448
1752 470
1753 474
1754 472
1755 600
1756 490
1757 418
1758 388
1759 1236
1760 277
1761 360
1762 248
1763 505
1764 569
1765 595
1766 545
1767 1664
1768 1365
1769 1312
1770 1655
1771 1662
1772 1528
1773 1652
1774 1666
1775 1623
1776 2308
1777 1533
1778 1663
1779 1512
1780 1651
1781 1332
1782 1581
1783 1665
1784 1402
1785 1510
1786 1527
1787 1615
1788 1498
1789 1495
1790 1624
1791 1605
1792 802
1793 2251
1794 2253
1795 2259
1796 2257
1797 1591
1798 1631
1799 211
1800 2473
1801 1341
1802 1619
1803 1789
1804 606
1805 1535
1806 2002
1807 2000
1808 2036
1809 2003
1810 2054
1811 2044
1812 2027
1813 1986
1814 2031
1815 171
1816 2049
1817 1991
1818 1976
1819 163
1820 2679
1821 1395
1822 2045
1823 2623
1824 2380
1825 2364
1826 2378
1827 2377
1828 2373
1829 2370
1830 458
1831 454
1832 455
1833 437
1834 464
1835 2100
1836 2102
1837 1366
1838 1349
1839 1793
1840 742
1841 1273
1842 909
1843 878
1844 1823
1845 854
1846 2635
1847 877
1848 1233
1849 810
1850 1808
1851 868
1852 1411
1853 2698
1854 2696
1855 304
1856 1627
1857 2658
1858 2512
1859 2541
1860 2699
1861 2695
1862 2684
1863 2694
1864 2676
1865 2685
1866 2691
1867 2634
1868 2552
1869 1056
1870 2612
1871 1864
1872 2697
1873 2680
1874 295
1875 2619
1876 2546
1877 2670
1878 1867
1879 1842
1880 935
1881 2182
1882 886
1883 2204
1884 2201
1885 2200
1886 517
1887 274
1888 275
1889 1884
1890 1883
1891 1882
1892 1199
1893 2558
1894 2650
1895 612
1896 2383
1897 2381
1898 2405
1899 2430
1900 2442
1901 2396
1902 2387
1903 2386
1904 2431
1905 989
1906 1072
1907 1077
1908 983
1909 1228
1910 1431
1911 2466
1912 1030
1913 932
1914 845
1915 770
1916 756
1917 775
1918 840
1919 836
1920 825
1921 1268
1922 1193
1923 1085
1924 2585
1925 1192
1926 830
1927 1088
1928 1157
1929 996
1930 1084
1931 236
1932 195
1933 192
1934 237
1935 215
1936 196
1937 183
1938 182
1939 234
1940 176
1941 175
1942 159
1943 228
1944 153
1945 156
1946 149
1947 155
1948 161
1949 1119
1950 173
1951 2583
1952 2586
1953 2459
1954 2178
1955 2158
1956 2151
1957 2162
1958 2179
1959 2402
1960 2432
1961 2452
1962 2388
1963 2390
1964 2209
1965 2208
1966 2218
1967 2230
1968 992
1969 2228
1970 1464
1971 2223
1972 782
1973 754
1974 1839
1975 708
1976 1418
1977 1828
1978 889
1979 907
1980 908
1981 1843
1982 1012
1983 1004
1984 978
1985 2435
1986 2551
1987 2527
1988 2022
1989 2535
1990 2549
1991 1362
1992 1723
1993 1894
1994 2613
1995 2498
1996 1092
1997 1151
1998 1606
1999 1420
2000 2509
2001 1508
2002 1504
2003 2520
2004 2528
2005 2550
2006 1388
2007 2548
2008 1990
2009 2510
2010 950
2011 2603
2012 1021
2013 734
2014 880
2015 910
2016 951
2017 1016
2018 915
2019 914
2020 1001
2021 1212
2022 774
2023 2480
2024 893
2025 2497
2026 1403
2027 2013
2028 2496
2029 2180
2030 957
2031 955
2032 1592
2033 2560
2034 1892
2035 1225
2036 1858
2037 1998
2038 1891
2039 1888
2040 1485
2041 2569
2042 1887
2043 1960
2044 1966
2045 1414
2046 1407
2047 1413
2048 1406
2049 1247
2050 800
2051 1305
2052 829
2053 1279
2054 1256
2055 1197
2056 1261
2057 1283
2058 680
2059 1079
2060 2190
2061 2189
2062 2185
2063 1095
2064 1096
2065 222
2066 224
2067 223
2068 1367
2069 741
2070 740
2071 911
2072 1253
2073 1324
2074 1355
2075 1957
2076 1955
2077 1947
2078 1566
2079 1620
2080 1544
2081 1608
2082 1530
2083 424
2084 1596
2085 1638
2086 1309
2087 1633
2088 1590
2089 1636
2090 1635
2091 1929
2092 1539
2093 2294
2094 1330
2095 1522
2096 1405
2097 1399
2098 1396
2099 1827
2100 748
2101 747
2102 1027
2103 1023
2104 884
2105 573
2106 1329
2107 1331
2108 1382
2109 711
2110 709
2111 817
2112 953
2113 2339
2114 2632
2115 2637
2116 1770
2117 2639
2118 2640
2119 1491
2120 1487
2121 1493
2122 1494
2123 1501
2124 1911
2125 1921
2126 1920
2127 1909
2128 1912
2129 1913
2130 1881
2131 1262
2132 781
2133 1267
2134 759
2135 796
2136 940
2137 985
2138 179
2139 2590
2140 2594
2141 2588
2142 2587
2143 1613
2144 1524
2145 1518
2146 698
2147 688
2148 697
2149 691
2150 676
2151 1803
2152 1025
2153 1776
2154 1848
2155 1779
2156 897
2157 2099
2158 2098
2159 2097
2160 2108
2161 2106
2162 1182
2163 1180
2164 947
2165 968
2166 960
2167 420
2168 417
2169 414
2170 2494
2171 2493
2172 1276
2173 675
2174 673
2175 353
2176 352
2177 862
2178 1018
2179 926
2180 1282
2181 1358
2182 1289
2183 1281
2184 765
2185 1812
2186 1318
2187 1718
2188 776
2189 828
2190 773
2191 2655
2192 2085
2193 2488
2194 2490
2195 2487
2196 1356
2197 1346
2198 1198
2199 1327
2200 1316
2201 252
2202 1372
2203 1321
2204 2581
2205 2572
2206 2582
2207 1172
2208 2340
2209 2093
2210 1738
2211 1767
2212 1550
2213 1554
2214 1558
2215 1548
2216 1560
2217 2479
2218 1542
2219 1348
2220 494
2221 497
2222 704
2223 702
2224 707
2225 705
2226 699
2227 726
2228 723
2229 720
2230 2017
2231 1933
2232 1232
2233 1932
2234 1285
2235 2153
2236 2232
2237 2225
2238 2220
2239 2219
2240 2282
2241 1177
2242 1175
2243 1165
2244 1164
2245 1160
2246 1162
2247 1146
2248 105
2249 119
2250 92
2251 1435
2252 1434
2253 1927
2254 1337
2255 1679
2256 1866
2257 199
2258 1098
2259 1426
2260 973
2261 1046
2262 1471
2263 1760
2264 922
2265 1221
2266 1584
2267 1583
2268 1980
2269 2368
2270 2357
2271 2166
2272 2164
2273 2163
2274 834
2275 2176
2276 1824
2277 1351
2278 786
2279 442
2280 1797
2281 900
2282 797
2283 1148
2284 2392
2285 2393
2286 2395
2287 1832
2288 1835
2289 2248
2290 2247
2291 1936
2292 1934
2293 761
2294 1778
2295 1066
2296 2019
2297 2256
2298 2255
2299 2254
2300 1473
2301 1989
2302 1754
2303 1950
2304 1112
2305 1973
2306 1975
2307 383
2308 1996
2309 1943
2310 822
2311 1257
2312 1186
2313 2665
2314 1734
2315 1008
2316 969
2317 2600
2318 1511
2319 1594
2320 1599
2321 1582
2322 1617
2323 2330
2324 2302
2325 1364
2326 1580
2327 1661
2328 1660
2329 1525
2330 1319
2331 1523
2332 1201
2333 1207
2334 629
2335 1428
2336 1448
2337 1424
2338 204
2339 189
2340 188
2341 5
2342 916
2343 1153
2344 1155
2345 1755
2346 1728
2347 1314
2348 1751
2349 1733
2350 979
2351 1893
2352 1898
2353 1901
2354 1904
2355 1764
2356 1768
2357 1765
2358 1731
2359 469
2360 2014
2361 2020
2362 1483
2363 2446
2364 1303
2365 525
2366 619
2367 866
2368 863
2369 864
2370 865
2371 859
2372 465
2373 2506
2374 2355
2375 2354
2376 1480
2377 462
2378 1507
2379 1505
2380 1502
2381 2564
2382 1460
2383 1462
2384 1794
2385 1026
2386 1452
2387 1445
2388 2471
2389 267
2390 272
2391 271
2392 339
2393 95
2394 739
2395 730
2396 733
2397 736
2398 2565
2399 2281
2400 2279
2401 2285
2402 1564
2403 1562
2404 1029
2405 901
2406 1961
2407 2415
2408 1241
2409 1393
2410 31
2411 32
2412 1111
2413 1173
2414 1170
2415 560
2416 1069
2417 1068
2418 1216
2419 1230
2420 857
2421 531
2422 827
2423 1804
2424 1791
2425 1822
2426 1821
2427 2317
2428 2316
2429 34
2430 2518
2431 1683
2432 1682
2433 2124
2434 2287
2435 2283
2436 964
2437 50
2438 48
2439 317
2440 319
2441 445
2442 321
2443 368
2444 379
2445 380
2446 528
2447 373
2448 555
2449 180
2450 2322
2451 269
2452 480
2453 1787
2454 1708
2455 1706
2456 511
2457 772
2458 769
2459 400
2460 449
2461 1685
2462 82
2463 2270
2464 2260
2465 2235
2466 391
2467 1015
2468 1014
2469 1296
2470 1292
2471 2570
2472 1307
2473 60
2474 61
2475 1154
2476 365
2477 1387
2478 1815
2479 2126
2480 785
2481 1837
2482 51
2483 16
2484 17
2485 801
2486 686
2487 1741
2488 1742
2489 1906
2490 1759
2491 2428
2492 246
2493 2610
2494 1855
2495 1856
2496 2246
2497 2427
2498 1450
2499 1243
2500 292
2501 291
2502 1287
2503 378
2504 1521
2505 1643
2506 1833
2507 429
2508 174
2509 2633
2510 2429
2511 1320
2512 1234
2513 684
2514 341
2515 342
2516 2457
2517 2456
2518 126
2519 2630
2520 1454
2521 2580
2522 312
2523 313
2524 1447
2525 493
2526 43
2527 2197
2528 1830
2529 2128
2530 320
2531 1384
2532 2536
2533 1556
2534 1116
2535 1115
2536 2327
2537 2082
2538 129
2539 1169
2540 1166
2541 1949
2542 185
2543 1133
2544 9
2545 2474
2546 574
2547 2239
2548 2243
2549 2242
2550 2026
2551 1134
2552 1974
2553 2467
2554 401
2555 205
2556 580
2557 581
2558 578
2559 1995
2560 597
2561 596
2562 39
2563 67
2564 74
2565 2148
2566 2145
2567 2147
2568 2533
2569 47
2570 2675
2571 2668
2572 2674
2573 2671
2574 1113
2575 1194
2576 1259
2577 1914
2578 2015
2579 1127
2580 1145
2581 539
2582 2682
2583 2066
2584 408
2585 396
2586 30
2587 1437
2588 2631
2589 1722
2590 1726
2591 1334
2592 2384
2593 1031
2594 1925
2595 1859
2596 284
2597 563
2598 1629
2599 201
2600 7
2601 207
2602 1680
2603 1681
2604 1711
2605 1178
2606 2504
2607 334
2608 2443
2609 206
2610 2648
2611 2007
2612 543
2613 1089
2614 325
2615 2522
2616 534
2617 1465
2618 670
2619 669
2620 1191
2621 2401
2622 2090
2623 2215
2624 2142
2625 671
2626 672
2627 653
2628 2192
2629 2076
2630 2160
2631 2074
2632 1167
2633 2140
2634 1697
2635 1696
2636 1695
2637 1486
2638 806
2639 2134
2640 1421
2641 338
2642 489
2643 250
2644 2199
2645 2289
2646 65
2647 57
2648 55
2649 771
2650 2306
2651 362
2652 316
2653 824
2654 371
2655 370
2656 311
2657 264
2658 263
2659 36
2660 11
2661 1704
2662 1702
2663 167
2664 2130
2665 1686
2666 1687
2667 1954
2668 1953
2669 2132
2670 134
2671 146
2672 145
2673 147
2674 143
2675 142
2676 1700
2677 11tensor([[   0,    0,    0,  ..., 2707, 2707, 2707],
        [ 633, 1862, 2582,  ...,  165, 1473, 2706]], dtype=torch.int32)
Loading graph from txt source (ms): 20.900
torch.Size([2, 10858])
tensor([[2690, 2690, 2690,  ..., 2618, 2618, 2618],
        [2692, 2684, 2682,  ..., 2617, 2616, 2615]], dtype=torch.int32)
3
2678 117
2679 138
2680 1924
2681 81
2682 130
2683 77
2684 100
2685 482
2686 20
2687 18
2688 19
2689 399
2690 2138
2691 2539
2692 2072
2693 1694
2694 1692
2695 1693
2696 2521
2697 2070
2698 2576
2699 2159
2700 2672
2701 2141
2702 1141
2703 13
2704 2136
2705 2068
2706 2615
2707 2618
