Namespace(classes=6, dataset='citeseer', dim=3703, dimWorker=32, hidden=64, loadFromTxt=False, model='gin', num_epoches=200, partSize=32, warpPerBlock=2)
# Loading (npz)(s): 0.008
# nodes: 3327
# avg_degree: 2.77
# avg_edgeSpan: 1086
# Build CSR (s): 0.002
# Build nb_part (s): 0.009
Net(
  (conv1): GINConv()
  (conv2): GINConv()
  (conv3): GINConv()
  (conv4): GINConv()
  (conv5): GINConv()
)
GNNAdvisor Time (ms): 9.819

Namespace(classes=7, dataset='cora', dim=1433, dimWorker=32, hidden=64, loadFromTxt=False, model='gin', num_epoches=200, partSize=32, warpPerBlock=2)
# Loading (npz)(s): 0.008
# nodes: 2708
# avg_degree: 4.01
# avg_edgeSpan: 836
# Build CSR (s): 0.002
# Build nb_part (s): 0.005
Net(
  (conv1): GINConv()
  (conv2): GINConv()
  (conv3): GINConv()
  (conv4): GINConv()
  (conv5): GINConv()
)
GNNAdvisor Time (ms): 8.429

Namespace(classes=3, dataset='pubmed', dim=500, dimWorker=32, hidden=64, loadFromTxt=False, model='gin', num_epoches=200, partSize=32, warpPerBlock=2)
# Loading (npz)(s): 0.013
# nodes: 19717
# avg_degree: 4.50
# avg_edgeSpan: 6525
# Build CSR (s): 0.032
# Build nb_part (s): 0.036
Net(
  (conv1): GINConv()
  (conv2): GINConv()
  (conv3): GINConv()
  (conv4): GINConv()
  (conv5): GINConv()
)
GNNAdvisor Time (ms): 8.667

Namespace(classes=121, dataset='ppi', dim=50, dimWorker=32, hidden=64, loadFromTxt=False, model='gin', num_epoches=200, partSize=32, warpPerBlock=2)
# Loading (npz)(s): 0.041
# nodes: 56944
# avg_degree: 14.38
# avg_edgeSpan: 1823
# Build CSR (s): 0.221
# Build nb_part (s): 0.145
Net(
  (conv1): GINConv()
  (conv2): GINConv()
  (conv3): GINConv()
  (conv4): GINConv()
  (conv5): GINConv()
)
GNNAdvisor Time (ms): 10.120

Namespace(classes=2, dataset='PROTEINS_full', dim=29, dimWorker=32, hidden=64, loadFromTxt=False, model='gin', num_epoches=200, partSize=32, warpPerBlock=2)
# Loading (npz)(s): 0.017
# nodes: 43466
# avg_degree: 3.73
# avg_edgeSpan: 20
# Build CSR (s): 0.051
# Build nb_part (s): 0.104
Net(
  (conv1): GINConv()
  (conv2): GINConv()
  (conv3): GINConv()
  (conv4): GINConv()
  (conv5): GINConv()
)
GNNAdvisor Time (ms): 9.039

Namespace(classes=2, dataset='OVCAR-8H', dim=66, dimWorker=32, hidden=64, loadFromTxt=False, model='gin', num_epoches=200, partSize=32, warpPerBlock=2)
# Loading (npz)(s): 0.139
# nodes: 1889542
# avg_degree: 2.09
# avg_edgeSpan: 14
# Build CSR (s): 0.582
# Build nb_part (s): 3.550
Net(
  (conv1): GINConv()
  (conv2): GINConv()
  (conv3): GINConv()
  (conv4): GINConv()
  (conv5): GINConv()
)
GNNAdvisor Time (ms): 125.566

Namespace(classes=2, dataset='Yeast', dim=74, dimWorker=32, hidden=64, loadFromTxt=False, model='gin', num_epoches=200, partSize=32, warpPerBlock=2)
# Loading (npz)(s): 0.137
# nodes: 1710902
# avg_degree: 2.13
# avg_edgeSpan: 6
# Build CSR (s): 0.544
# Build nb_part (s): 3.279
Net(
  (conv1): GINConv()
  (conv2): GINConv()
  (conv3): GINConv()
  (conv4): GINConv()
  (conv5): GINConv()
)
GNNAdvisor Time (ms): 115.085

Namespace(classes=2, dataset='DD', dim=89, dimWorker=32, hidden=64, loadFromTxt=False, model='gin', num_epoches=200, partSize=32, warpPerBlock=2)
# Loading (npz)(s): 0.075
# nodes: 334925
# avg_degree: 5.03
# avg_edgeSpan: 88
# Build CSR (s): 0.270
# Build nb_part (s): 0.659
Net(
  (conv1): GINConv()
  (conv2): GINConv()
  (conv3): GINConv()
  (conv4): GINConv()
  (conv5): GINConv()
)
GNNAdvisor Time (ms): 25.095

Namespace(classes=2, dataset='TWITTER-Real-Graph-Partial', dim=1323, dimWorker=32, hidden=64, loadFromTxt=False, model='gin', num_epoches=200, partSize=32, warpPerBlock=2)
# Loading (npz)(s): 0.071
# nodes: 580768
# avg_degree: 2.47
# avg_edgeSpan: 1
# Build CSR (s): 0.307
# Build nb_part (s): 1.100
Net(
  (conv1): GINConv()
  (conv2): GINConv()
  (conv3): GINConv()
  (conv4): GINConv()
  (conv5): GINConv()
)
GNNAdvisor Time (ms): 116.970

Namespace(classes=2, dataset='SW-620H', dim=66, dimWorker=32, hidden=64, loadFromTxt=False, model='gin', num_epoches=200, partSize=32, warpPerBlock=2)
# Loading (npz)(s): 0.143
# nodes: 1888584
# avg_degree: 2.09
# avg_edgeSpan: 14
# Build CSR (s): 0.592
# Build nb_part (s): 3.573
Net(
  (conv1): GINConv()
  (conv2): GINConv()
  (conv3): GINConv()
  (conv4): GINConv()
  (conv5): GINConv()
)
GNNAdvisor Time (ms): 126.273

Namespace(classes=22, dataset='amazon0505', dim=96, dimWorker=32, hidden=64, loadFromTxt=False, model='gin', num_epoches=200, partSize=32, warpPerBlock=2)
# Loading (npz)(s): 0.166
# nodes: 410236
# avg_degree: 11.89
# avg_edgeSpan: 77939
# Build CSR (s): 0.698
# Build nb_part (s): 0.860
Net(
  (conv1): GINConv()
  (conv2): GINConv()
  (conv3): GINConv()
  (conv4): GINConv()
  (conv5): GINConv()
)
GNNAdvisor Time (ms): 44.195

Namespace(classes=12, dataset='artist', dim=100, dimWorker=32, hidden=64, loadFromTxt=False, model='gin', num_epoches=200, partSize=32, warpPerBlock=2)
# Loading (npz)(s): 0.066
# nodes: 50515
# avg_degree: 32.43
# avg_edgeSpan: 16900
# Build CSR (s): 0.263
# Build nb_part (s): 0.195
Net(
  (conv1): GINConv()
  (conv2): GINConv()
  (conv3): GINConv()
  (conv4): GINConv()
  (conv5): GINConv()
)
GNNAdvisor Time (ms): 10.730

Namespace(classes=22, dataset='com-amazon', dim=96, dimWorker=32, hidden=64, loadFromTxt=False, model='gin', num_epoches=200, partSize=32, warpPerBlock=2)
# Loading (npz)(s): 0.072
# nodes: 334863
# avg_degree: 5.53
# avg_edgeSpan: 110800
# Build CSR (s): 0.355
# Build nb_part (s): 0.664
Net(
  (conv1): GINConv()
  (conv2): GINConv()
  (conv3): GINConv()
  (conv4): GINConv()
  (conv5): GINConv()
)
GNNAdvisor Time (ms): 31.898

Namespace(classes=39, dataset='soc-BlogCatalog', dim=128, dimWorker=32, hidden=64, loadFromTxt=False, model='gin', num_epoches=200, partSize=32, warpPerBlock=2)
# Loading (npz)(s): 0.084
# nodes: 88784
# avg_degree: 23.58
# avg_edgeSpan: 13404
# Build CSR (s): 0.379
# Build nb_part (s): 0.290
Net(
  (conv1): GINConv()
  (conv2): GINConv()
  (conv3): GINConv()
  (conv4): GINConv()
  (conv5): GINConv()
)
GNNAdvisor Time (ms): 13.321

Namespace(classes=22, dataset='amazon0601', dim=96, dimWorker=32, hidden=64, loadFromTxt=False, model='gin', num_epoches=200, partSize=32, warpPerBlock=2)
# Loading (npz)(s): 0.130
# nodes: 403394
# avg_degree: 8.40
# avg_edgeSpan: 68450
# Build CSR (s): 0.574
# Build nb_part (s): 0.774
Net(
  (conv1): GINConv()
  (conv2): GINConv()
  (conv3): GINConv()
  (conv4): GINConv()
  (conv5): GINConv()
)
GNNAdvisor Time (ms): 37.890

