Namespace(classes=2, dataset='PROTEINS_full', dim=29, dimWorker=32, hidden=64, loadFromTxt=False, model='gin', num_epoches=200, partSize=32, warpPerBlock=4)
# Loading (npz)(s): 0.016
# nodes: 43466
# avg_degree: 3.73
# avg_edgeSpan: 20
# Build CSR (s): 0.046
# Build nb_part (s): 0.105
Net(
  (conv1): GINConv()
  (conv2): GINConv()
  (conv3): GINConv()
  (conv4): GINConv()
  (conv5): GINConv()
)
GNNAdvisor Time (ms): 8.998

Namespace(classes=2, dataset='OVCAR-8H', dim=66, dimWorker=32, hidden=64, loadFromTxt=False, model='gin', num_epoches=200, partSize=32, warpPerBlock=4)
# Loading (npz)(s): 0.149
# nodes: 1889542
# avg_degree: 2.09
# avg_edgeSpan: 14
# Build CSR (s): 0.695
# Build nb_part (s): 3.553
Net(
  (conv1): GINConv()
  (conv2): GINConv()
  (conv3): GINConv()
  (conv4): GINConv()
  (conv5): GINConv()
)
GNNAdvisor Time (ms): 119.870

Namespace(classes=2, dataset='Yeast', dim=74, dimWorker=32, hidden=64, loadFromTxt=False, model='gin', num_epoches=200, partSize=32, warpPerBlock=4)
# Loading (npz)(s): 0.150
# nodes: 1710902
# avg_degree: 2.13
# avg_edgeSpan: 6
# Build CSR (s): 0.683
# Build nb_part (s): 3.269
Net(
  (conv1): GINConv()
  (conv2): GINConv()
  (conv3): GINConv()
  (conv4): GINConv()
  (conv5): GINConv()
)
GNNAdvisor Time (ms): 109.555

Namespace(classes=2, dataset='DD', dim=89, dimWorker=32, hidden=64, loadFromTxt=False, model='gin', num_epoches=200, partSize=32, warpPerBlock=4)
# Loading (npz)(s): 0.068
# nodes: 334925
# avg_degree: 5.03
# avg_edgeSpan: 88
# Build CSR (s): 0.296
# Build nb_part (s): 0.664
Net(
  (conv1): GINConv()
  (conv2): GINConv()
  (conv3): GINConv()
  (conv4): GINConv()
  (conv5): GINConv()
)
GNNAdvisor Time (ms): 23.387

Namespace(classes=2, dataset='SW-620H', dim=66, dimWorker=32, hidden=64, loadFromTxt=False, model='gin', num_epoches=200, partSize=32, warpPerBlock=4)
# Loading (npz)(s): 0.160
# nodes: 1888584
# avg_degree: 2.09
# avg_edgeSpan: 14
# Build CSR (s): 0.682
# Build nb_part (s): 3.545
Net(
  (conv1): GINConv()
  (conv2): GINConv()
  (conv3): GINConv()
  (conv4): GINConv()
  (conv5): GINConv()
)
GNNAdvisor Time (ms): 120.352

Namespace(classes=22, dataset='amazon0505', dim=96, dimWorker=32, hidden=64, loadFromTxt=False, model='gin', num_epoches=200, partSize=32, warpPerBlock=4)
# Loading (npz)(s): 0.178
# nodes: 410236
# avg_degree: 11.89
# avg_edgeSpan: 77939
# Build CSR (s): 0.850
# Build nb_part (s): 0.831
Net(
  (conv1): GINConv()
  (conv2): GINConv()
  (conv3): GINConv()
  (conv4): GINConv()
  (conv5): GINConv()
)
GNNAdvisor Time (ms): 41.043

Namespace(classes=12, dataset='artist', dim=100, dimWorker=32, hidden=64, loadFromTxt=False, model='gin', num_epoches=200, partSize=32, warpPerBlock=4)
# Loading (npz)(s): 0.069
# nodes: 50515
# avg_degree: 32.43
# avg_edgeSpan: 16900
# Build CSR (s): 0.307
# Build nb_part (s): 0.194
Net(
  (conv1): GINConv()
  (conv2): GINConv()
  (conv3): GINConv()
  (conv4): GINConv()
  (conv5): GINConv()
)
GNNAdvisor Time (ms): 10.081

Namespace(classes=22, dataset='com-amazon', dim=96, dimWorker=32, hidden=64, loadFromTxt=False, model='gin', num_epoches=200, partSize=32, warpPerBlock=4)
# Loading (npz)(s): 0.079
# nodes: 334863
# avg_degree: 5.53
# avg_edgeSpan: 110800
# Build CSR (s): 0.376
# Build nb_part (s): 0.660
Net(
  (conv1): GINConv()
  (conv2): GINConv()
  (conv3): GINConv()
  (conv4): GINConv()
  (conv5): GINConv()
)
GNNAdvisor Time (ms): 30.421

Namespace(classes=39, dataset='soc-BlogCatalog', dim=128, dimWorker=32, hidden=64, loadFromTxt=False, model='gin', num_epoches=200, partSize=32, warpPerBlock=4)
# Loading (npz)(s): 0.078
# nodes: 88784
# avg_degree: 23.58
# avg_edgeSpan: 13404
# Build CSR (s): 0.389
# Build nb_part (s): 0.284
Net(
  (conv1): GINConv()
  (conv2): GINConv()
  (conv3): GINConv()
  (conv4): GINConv()
  (conv5): GINConv()
)
GNNAdvisor Time (ms): 12.295

Namespace(classes=22, dataset='amazon0601', dim=96, dimWorker=32, hidden=64, loadFromTxt=False, model='gin', num_epoches=200, partSize=32, warpPerBlock=4)
# Loading (npz)(s): 0.128
# nodes: 403394
# avg_degree: 8.40
# avg_edgeSpan: 68450
# Build CSR (s): 0.660
# Build nb_part (s): 0.814
Net(
  (conv1): GINConv()
  (conv2): GINConv()
  (conv3): GINConv()
  (conv4): GINConv()
  (conv5): GINConv()
)
GNNAdvisor Time (ms): 35.321

