Namespace(classes=6, dataset='citeseer', dim=3703, dimWorker=32, hidden=64, loadFromTxt=False, model='gin', num_epoches=200, partSize=32, warpPerBlock=1)
# Loading (npz)(s): 0.008
# nodes: 3327
# avg_degree: 2.77
# avg_edgeSpan: 1086
# Build CSR (s): 0.002
# Build nb_part (s): 0.006
Net(
  (conv1): GINConv()
  (conv2): GINConv()
  (conv3): GINConv()
  (conv4): GINConv()
  (conv5): GINConv()
)
GNNAdvisor Time (ms): 9.479

Namespace(classes=7, dataset='cora', dim=1433, dimWorker=32, hidden=64, loadFromTxt=False, model='gin', num_epoches=200, partSize=32, warpPerBlock=1)
# Loading (npz)(s): 0.009
# nodes: 2708
# avg_degree: 4.01
# avg_edgeSpan: 836
# Build CSR (s): 0.002
# Build nb_part (s): 0.005
Net(
  (conv1): GINConv()
  (conv2): GINConv()
  (conv3): GINConv()
  (conv4): GINConv()
  (conv5): GINConv()
)
GNNAdvisor Time (ms): 8.510

Namespace(classes=3, dataset='pubmed', dim=500, dimWorker=32, hidden=64, loadFromTxt=False, model='gin', num_epoches=200, partSize=32, warpPerBlock=1)
# Loading (npz)(s): 0.014
# nodes: 19717
# avg_degree: 4.50
# avg_edgeSpan: 6525
# Build CSR (s): 0.028
# Build nb_part (s): 0.037
Net(
  (conv1): GINConv()
  (conv2): GINConv()
  (conv3): GINConv()
  (conv4): GINConv()
  (conv5): GINConv()
)
GNNAdvisor Time (ms): 8.600

Namespace(classes=121, dataset='ppi', dim=50, dimWorker=32, hidden=64, loadFromTxt=False, model='gin', num_epoches=200, partSize=32, warpPerBlock=1)
# Loading (npz)(s): 0.041
# nodes: 56944
# avg_degree: 14.38
# avg_edgeSpan: 1823
# Build CSR (s): 0.255
# Build nb_part (s): 0.150
Net(
  (conv1): GINConv()
  (conv2): GINConv()
  (conv3): GINConv()
  (conv4): GINConv()
  (conv5): GINConv()
)
GNNAdvisor Time (ms): 10.667

Namespace(classes=2, dataset='PROTEINS_full', dim=29, dimWorker=32, hidden=64, loadFromTxt=False, model='gin', num_epoches=200, partSize=32, warpPerBlock=1)
# Loading (npz)(s): 0.016
# nodes: 43466
# avg_degree: 3.73
# avg_edgeSpan: 20
# Build CSR (s): 0.045
# Build nb_part (s): 0.103
Net(
  (conv1): GINConv()
  (conv2): GINConv()
  (conv3): GINConv()
  (conv4): GINConv()
  (conv5): GINConv()
)
GNNAdvisor Time (ms): 8.961

Namespace(classes=2, dataset='OVCAR-8H', dim=66, dimWorker=32, hidden=64, loadFromTxt=False, model='gin', num_epoches=200, partSize=32, warpPerBlock=1)
# Loading (npz)(s): 0.153
# nodes: 1889542
# avg_degree: 2.09
# avg_edgeSpan: 14
# Build CSR (s): 0.696
# Build nb_part (s): 3.594
Net(
  (conv1): GINConv()
  (conv2): GINConv()
  (conv3): GINConv()
  (conv4): GINConv()
  (conv5): GINConv()
)
GNNAdvisor Time (ms): 146.053

