Namespace(classes=22, dataDir='../osdi-ae-graphs', dataset='amazon0505', dim=96, dimWorker=32, enable_rabbit='False', hidden=16, loadFromTxt='True', manual_mode='True', model='gcn', num_epoches=200, partSize=32, sharedMem=100, verbose_mode='True', warpPerBlock=8)
# Loading (txt) 6.823s 
# nodes: 410236
# avg_degree: 11.89
# avg_edgeSpan: 77939
# Build CSR (s): 0.687
# Build nb_part (s): 0.740

=> MANUAL Config Complete !!!

----------------------------
# manual INPUT partSize: 32
# manual INPUT dimWorker: 32
# manual INPUT warpPerBlock: 8

# manual HIDDEN partSize: 32
# manual HIDDEN dimWorker: 32
# manual HIDDEN warpPerBlock: 8

----------------------------
Net(
  (conv1): GCNConv()
  (conv2): GCNConv()
)
Time (ms): 18.299

Namespace(classes=12, dataDir='../osdi-ae-graphs', dataset='artist', dim=100, dimWorker=32, enable_rabbit='False', hidden=16, loadFromTxt='True', manual_mode='True', model='gcn', num_epoches=200, partSize=32, sharedMem=100, verbose_mode='True', warpPerBlock=8)
# Loading (txt) 2.242s 
# nodes: 50515
# avg_degree: 32.43
# avg_edgeSpan: 16900
# Build CSR (s): 0.227
# Build nb_part (s): 0.145

=> MANUAL Config Complete !!!

----------------------------
# manual INPUT partSize: 32
# manual INPUT dimWorker: 32
# manual INPUT warpPerBlock: 8

# manual HIDDEN partSize: 32
# manual HIDDEN dimWorker: 32
# manual HIDDEN warpPerBlock: 8

----------------------------
Net(
  (conv1): GCNConv()
  (conv2): GCNConv()
)
Time (ms): 3.143

Namespace(classes=22, dataDir='../osdi-ae-graphs', dataset='com-amazon', dim=96, dimWorker=32, enable_rabbit='False', hidden=16, loadFromTxt='True', manual_mode='True', model='gcn', num_epoches=200, partSize=32, sharedMem=100, verbose_mode='True', warpPerBlock=8)
# Loading (txt) 2.926s 
# nodes: 334863
# avg_degree: 5.53
# avg_edgeSpan: 110800
# Build CSR (s): 0.257
# Build nb_part (s): 0.554

=> MANUAL Config Complete !!!

----------------------------
# manual INPUT partSize: 32
# manual INPUT dimWorker: 32
# manual INPUT warpPerBlock: 8

# manual HIDDEN partSize: 32
# manual HIDDEN dimWorker: 32
# manual HIDDEN warpPerBlock: 8

----------------------------
Net(
  (conv1): GCNConv()
  (conv2): GCNConv()
)
Time (ms): 14.092

