Namespace(classes=22, dataDir='../osdi-ae-graphs', dataset='amazon0505', dim=96, dimWorker=32, enable_rabbit='False', hidden=16, loadFromTxt='False', manual_mode='True', model='gcn', num_epoches=200, partSize=32, sharedMem=100, verbose_mode='True', warpPerBlock=8)
# Loading (npz)(s): 0.128
# nodes: 410236
# avg_degree: 11.89
# avg_edgeSpan: 77939
# Build CSR (s): 0.706

=> MANUAL Config Complete !!!

----------------------------
# manual INPUT partSize: 32
# manual INPUT dimWorker: 32
# manual INPUT warpPerBlock: 8

# manual HIDDEN partSize: 32
# manual HIDDEN dimWorker: 32
# manual HIDDEN warpPerBlock: 8

----------------------------
# Build nb_part (s): 0.709
Net(
  (conv1): GCNConv()
  (conv2): GCNConv()
)
Time (ms): 18.144

Namespace(classes=12, dataDir='../osdi-ae-graphs', dataset='artist', dim=100, dimWorker=32, enable_rabbit='False', hidden=16, loadFromTxt='False', manual_mode='True', model='gcn', num_epoches=200, partSize=32, sharedMem=100, verbose_mode='True', warpPerBlock=8)
# Loading (npz)(s): 0.051
# nodes: 50515
# avg_degree: 32.43
# avg_edgeSpan: 16900
# Build CSR (s): 0.226

=> MANUAL Config Complete !!!

----------------------------
# manual INPUT partSize: 32
# manual INPUT dimWorker: 32
# manual INPUT warpPerBlock: 8

# manual HIDDEN partSize: 32
# manual HIDDEN dimWorker: 32
# manual HIDDEN warpPerBlock: 8

----------------------------
# Build nb_part (s): 0.143
Net(
  (conv1): GCNConv()
  (conv2): GCNConv()
)
Time (ms): 3.229

Namespace(classes=22, dataDir='../osdi-ae-graphs', dataset='com-amazon', dim=96, dimWorker=32, enable_rabbit='False', hidden=16, loadFromTxt='False', manual_mode='True', model='gcn', num_epoches=200, partSize=32, sharedMem=100, verbose_mode='True', warpPerBlock=8)
# Loading (npz)(s): 0.055
# nodes: 334863
# avg_degree: 5.53
# avg_edgeSpan: 110800
# Build CSR (s): 0.259

=> MANUAL Config Complete !!!

----------------------------
# manual INPUT partSize: 32
# manual INPUT dimWorker: 32
# manual INPUT warpPerBlock: 8

# manual HIDDEN partSize: 32
# manual HIDDEN dimWorker: 32
# manual HIDDEN warpPerBlock: 8

----------------------------
# Build nb_part (s): 0.560
Net(
  (conv1): GCNConv()
  (conv2): GCNConv()
)
Time (ms): 13.989

