Namespace(classes=22, dataDir='../osdi-ae-graphs', dataset='amazon0505', dim=96, dimWorker=32, enable_rabbit='False', hidden=64, loadFromTxt='False', manual_mode='True', model='gin', num_epoches=200, partSize=32, sharedMem=100, verbose_mode='True', warpPerBlock=6)
# Loading (npz)(s): 0.128
# nodes: 410236
# avg_degree: 11.89
# avg_edgeSpan: 77939
# Build CSR after reordering (s): 0.693

=> MANUAL Config Complete !!!

----------------------------
# manual INPUT partSize: 32
# manual INPUT dimWorker: 32
# manual INPUT warpPerBlock: 6

# manual HIDDEN partSize: 32
# manual HIDDEN dimWorker: 32
# manual HIDDEN warpPerBlock: 6

----------------------------
# Build nb_part (s): 0.815
Net(
  (conv1): GINConv()
  (conv2): GINConv()
  (conv3): GINConv()
  (conv4): GINConv()
  (conv5): GINConv()
)
Time (ms): 36.835

Namespace(classes=12, dataDir='../osdi-ae-graphs', dataset='artist', dim=100, dimWorker=32, enable_rabbit='False', hidden=64, loadFromTxt='False', manual_mode='True', model='gin', num_epoches=200, partSize=32, sharedMem=100, verbose_mode='True', warpPerBlock=6)
# Loading (npz)(s): 0.050
# nodes: 50515
# avg_degree: 32.43
# avg_edgeSpan: 16900
# Build CSR after reordering (s): 0.238

=> MANUAL Config Complete !!!

----------------------------
# manual INPUT partSize: 32
# manual INPUT dimWorker: 32
# manual INPUT warpPerBlock: 6

# manual HIDDEN partSize: 32
# manual HIDDEN dimWorker: 32
# manual HIDDEN warpPerBlock: 6

----------------------------
# Build nb_part (s): 0.166
Net(
  (conv1): GINConv()
  (conv2): GINConv()
  (conv3): GINConv()
  (conv4): GINConv()
  (conv5): GINConv()
)
Time (ms): 6.153

Namespace(classes=22, dataDir='../osdi-ae-graphs', dataset='com-amazon', dim=96, dimWorker=32, enable_rabbit='False', hidden=64, loadFromTxt='False', manual_mode='True', model='gin', num_epoches=200, partSize=32, sharedMem=100, verbose_mode='True', warpPerBlock=6)
# Loading (npz)(s): 0.055
# nodes: 334863
# avg_degree: 5.53
# avg_edgeSpan: 110800
# Build CSR after reordering (s): 0.261

=> MANUAL Config Complete !!!

----------------------------
# manual INPUT partSize: 32
# manual INPUT dimWorker: 32
# manual INPUT warpPerBlock: 6

# manual HIDDEN partSize: 32
# manual HIDDEN dimWorker: 32
# manual HIDDEN warpPerBlock: 6

----------------------------
# Build nb_part (s): 0.590
Net(
  (conv1): GINConv()
  (conv2): GINConv()
  (conv3): GINConv()
  (conv4): GINConv()
  (conv5): GINConv()
)
Time (ms): 26.658

