Namespace(classes=22, dataDir='../osdi-ae-graphs', dataset='amazon0505', dim=96, dimWorker=32, enable_rabbit='True', hidden=64, loadFromTxt='False', manual_mode='True', model='gin', num_epoches=200, partSize=32, sharedMem=100, verbose_mode='True', warpPerBlock=6)
# Loading (npz)(s): 0.134
# nodes: 410236
# avg_degree: 11.89
# avg_edgeSpan: 77939
# Build CSR after reordering (s): 0.677
Reorder flag is set. Continue...
Original edge_index
 [[     0      0      0 ... 410235 410235 410235]
 [     1      2      3 ... 410232 410233 410234]]
# Reorder time (s): 2.713024292999762
Reordered edge_index
 tensor([[366416, 366416, 366416,  ...,  53622,  53622,  53622],
        [366417, 366418, 366419,  ...,  53621,  53626,  53623]],
       dtype=torch.int32)
# Re-Build CSR (s): 0.853

=> MANUAL Config Complete !!!

----------------------------
# manual INPUT partSize: 32
# manual INPUT dimWorker: 32
# manual INPUT warpPerBlock: 6

# manual HIDDEN partSize: 32
# manual HIDDEN dimWorker: 32
# manual HIDDEN warpPerBlock: 6

----------------------------
# Build nb_part (s): 0.705
Net(
  (conv1): GINConv()
  (conv2): GINConv()
  (conv3): GINConv()
  (conv4): GINConv()
  (conv5): GINConv()
)
Time (ms): 31.293

Namespace(classes=12, dataDir='../osdi-ae-graphs', dataset='artist', dim=100, dimWorker=32, enable_rabbit='True', hidden=64, loadFromTxt='False', manual_mode='True', model='gin', num_epoches=200, partSize=32, sharedMem=100, verbose_mode='True', warpPerBlock=6)
# Loading (npz)(s): 0.049
# nodes: 50515
# avg_degree: 32.43
# avg_edgeSpan: 16900
# Build CSR after reordering (s): 0.231
Reorder flag is set. Continue...
Original edge_index
 [[    0     0     0 ... 50514 50514 50514]
 [ 1794  3102  3822 ... 27901 38264 45612]]
# Reorder time (s): 0.5302261460019508
Reordered edge_index
 tensor([[ 5857,  5857,  5857,  ..., 24303, 24303, 24303],
        [ 7444,  5856,  7504,  ..., 21941, 18876, 24304]], dtype=torch.int32)
# Re-Build CSR (s): 0.322

=> MANUAL Config Complete !!!

----------------------------
# manual INPUT partSize: 32
# manual INPUT dimWorker: 32
# manual INPUT warpPerBlock: 6

# manual HIDDEN partSize: 32
# manual HIDDEN dimWorker: 32
# manual HIDDEN warpPerBlock: 6

----------------------------
# Build nb_part (s): 0.141
Net(
  (conv1): GINConv()
  (conv2): GINConv()
  (conv3): GINConv()
  (conv4): GINConv()
  (conv5): GINConv()
)
Time (ms): 5.809

Namespace(classes=22, dataDir='../osdi-ae-graphs', dataset='com-amazon', dim=96, dimWorker=32, enable_rabbit='True', hidden=64, loadFromTxt='False', manual_mode='True', model='gin', num_epoches=200, partSize=32, sharedMem=100, verbose_mode='True', warpPerBlock=6)
# Loading (npz)(s): 0.054
# nodes: 334863
# avg_degree: 5.53
# avg_edgeSpan: 110800
# Build CSR after reordering (s): 0.270
Reorder flag is set. Continue...
Original edge_index
 [[     0      0      0 ... 334861 334862 334862]
 [ 53525  71631  98005 ... 267222 117359 212820]]
# Reorder time (s): 1.3955314969934989
Reordered edge_index
 tensor([[176340, 176340, 176340,  ..., 186003, 137164, 137164],
        [176339, 176373, 176345,  ..., 185973, 137165,   1057]],
       dtype=torch.int32)
# Re-Build CSR (s): 0.300

=> MANUAL Config Complete !!!

----------------------------
# manual INPUT partSize: 32
# manual INPUT dimWorker: 32
# manual INPUT warpPerBlock: 6

# manual HIDDEN partSize: 32
# manual HIDDEN dimWorker: 32
# manual HIDDEN warpPerBlock: 6

----------------------------
# Build nb_part (s): 0.561
Net(
  (conv1): GINConv()
  (conv2): GINConv()
  (conv3): GINConv()
  (conv4): GINConv()
  (conv5): GINConv()
)
Time (ms): 23.054

