Namespace(classes=6, dataset='citeseer', dim=3703, hidden=16, partsize=64)
=> Loading (npz): 0.011s 
Build CSR (s): 0.002
Build nb_part (s): 0.006
GNNAdvisor Time (ms): 11.906
Namespace(classes=7, dataset='cora', dim=1433, hidden=16, partsize=64)
=> Loading (npz): 0.011s 
Build CSR (s): 0.008
Build nb_part (s): 0.021
GNNAdvisor Time (ms): 11.093
Namespace(classes=3, dataset='pubmed', dim=500, hidden=16, partsize=64)
=> Loading (npz): 0.023s 
Build CSR (s): 0.050
Build nb_part (s): 0.140
GNNAdvisor Time (ms): 11.315

Namespace(classes=121, dataset='ppi', dim=50, hidden=16, partsize=64)
# Loading (npz): 0.153s 
Build CSR (s): 0.513
Build nb_part (s): 0.307
GNNAdvisor Time (ms): 21.764

Namespace(classes=2, dataset='PROTEINS_full', dim=29, hidden=16, partsize=64)
# Loading (npz): 0.032s 
Build CSR (s): 0.087
Build nb_part (s): 0.398
GNNAdvisor Time (ms): 10.985

Namespace(classes=2, dataset='OVCAR-8H', dim=66, hidden=16, partsize=64)
# Loading (npz): 0.360s 
# Build CSR (s): 1.831
# Build nb_part (s): 10.852
GNNAdvisor Time (ms): 115.084

Namespace(classes=2, dataset='Yeast', dim=74, hidden=16, partsize=64)
# Loading (npz): 0.227s 
# Build CSR (s): 1.774
# Build nb_part (s): 11.693
GNNAdvisor Time (ms): 106.403

Namespace(classes=2, dataset='DD', dim=89, hidden=16, partsize=64)
# Loading (npz): 0.166s 
# Build CSR (s): 0.945
# Build nb_part (s): 2.017
GNNAdvisor Time (ms): 27.025

Namespace(classes=2, dataset='TWITTER-Real-Graph-Partial', dim=1323, hidden=16, partsize=64)
# Loading (npz): 0.221s 
# Build CSR (s): 0.757
# Build nb_part (s): 3.448
GNNAdvisor Time (ms): 55.367

Namespace(classes=2, dataset='SW-620H', dim=66, hidden=16, partsize=64)
# Loading (npz): 0.485s 
# Build CSR (s): 1.785
# Build nb_part (s): 12.105
GNNAdvisor Time (ms): 114.232

Namespace(classes=22, dataset='amazon0505', dim=96, hidden=16, partsize=64)
# Loading (npz): 0.486s 
# Build CSR (s): 2.224
# Build nb_part (s): 3.013
GNNAdvisor Time (ms): 52.645

Namespace(classes=12, dataset='artist', dim=100, hidden=16, partsize=64)
# Loading (npz): 0.199s 
# Build CSR (s): 0.829
# Build nb_part (s): 0.314
GNNAdvisor Time (ms): 16.113

Namespace(classes=22, dataset='com-amazon', dim=96, hidden=16, partsize=64)
# Loading (npz): 0.226s 
# Build CSR (s): 0.956
# Build nb_part (s): 1.894
GNNAdvisor Time (ms): 41.046

Namespace(classes=39, dataset='soc-BlogCatalog', dim=128, hidden=16, partsize=64)
# Loading (npz): 0.250s 
# Build CSR (s): 0.963
# Build nb_part (s): 0.737
GNNAdvisor Time (ms): 23.301

Namespace(classes=22, dataset='amazon0601', dim=96, hidden=16, partsize=64)
# Loading (npz): 0.381s 
# Build CSR (s): 1.658
# Build nb_part (s): 3.005
GNNAdvisor Time (ms): 49.137
















