Namespace(classes=22, dataset='amazon0505', dim=96, hidden=16, partsize=32)
# Loading (npz): 0.356s 
# Build CSR (s): 2.468
# Build nb_part (s): 3.412
GNNAdvisor Time (ms): 50.503

Namespace(classes=12, dataset='artist', dim=100, hidden=16, partsize=32)
# Loading (npz): 0.170s 
# Build CSR (s): 0.838
# Build nb_part (s): 0.460
GNNAdvisor Time (ms): 16.486

Namespace(classes=22, dataset='com-amazon', dim=96, hidden=16, partsize=32)
# Loading (npz): 0.219s 
# Build CSR (s): 0.988
# Build nb_part (s): 2.171
GNNAdvisor Time (ms): 35.575

Namespace(classes=39, dataset='soc-BlogCatalog', dim=128, hidden=16, partsize=32)
# Loading (npz): 0.204s 
# Build CSR (s): 0.683
# Build nb_part (s): 0.848
GNNAdvisor Time (ms): 18.128

Namespace(classes=22, dataset='amazon0601', dim=96, hidden=16, partsize=32)
# Loading (npz): 0.349s 
# Build CSR (s): 1.563
# Build nb_part (s): 2.760
GNNAdvisor Time (ms): 41.420






