Namespace(classes=6, dataDir='../osdi-ae-graphs', dataset='citeseer', dim=3703, dimWorker=32, enable_rabbit='False', hidden=16, loadFromTxt='False', manual_mode='True', model='gcn', num_epoches=200, partSize=32, sharedMem=100, verbose_mode='False', warpPerBlock=8)
Time (ms): 2.683

Namespace(classes=7, dataDir='../osdi-ae-graphs', dataset='cora', dim=1433, dimWorker=32, enable_rabbit='False', hidden=16, loadFromTxt='False', manual_mode='True', model='gcn', num_epoches=200, partSize=32, sharedMem=100, verbose_mode='False', warpPerBlock=8)
Time (ms): 2.687

Namespace(classes=3, dataDir='../osdi-ae-graphs', dataset='pubmed', dim=500, dimWorker=32, enable_rabbit='False', hidden=16, loadFromTxt='False', manual_mode='True', model='gcn', num_epoches=200, partSize=32, sharedMem=100, verbose_mode='False', warpPerBlock=8)
Time (ms): 2.802

Namespace(classes=121, dataDir='../osdi-ae-graphs', dataset='ppi', dim=50, dimWorker=32, enable_rabbit='False', hidden=16, loadFromTxt='False', manual_mode='True', model='gcn', num_epoches=200, partSize=32, sharedMem=100, verbose_mode='False', warpPerBlock=8)
Time (ms): 6.833

Namespace(classes=2, dataDir='../osdi-ae-graphs', dataset='PROTEINS_full', dim=29, dimWorker=32, enable_rabbit='False', hidden=16, loadFromTxt='False', manual_mode='True', model='gcn', num_epoches=200, partSize=32, sharedMem=100, verbose_mode='False', warpPerBlock=8)
Time (ms): 2.897

Namespace(classes=2, dataDir='../osdi-ae-graphs', dataset='OVCAR-8H', dim=66, dimWorker=32, enable_rabbit='False', hidden=16, loadFromTxt='False', manual_mode='True', model='gcn', num_epoches=200, partSize=32, sharedMem=100, verbose_mode='False', warpPerBlock=8)
Time (ms): 99.143

Namespace(classes=2, dataDir='../osdi-ae-graphs', dataset='Yeast', dim=74, dimWorker=32, enable_rabbit='False', hidden=16, loadFromTxt='False', manual_mode='True', model='gcn', num_epoches=200, partSize=32, sharedMem=100, verbose_mode='False', warpPerBlock=8)
Time (ms): 89.761

Namespace(classes=2, dataDir='../osdi-ae-graphs', dataset='DD', dim=89, dimWorker=32, enable_rabbit='False', hidden=16, loadFromTxt='False', manual_mode='True', model='gcn', num_epoches=200, partSize=32, sharedMem=100, verbose_mode='False', warpPerBlock=8)
Time (ms): 19.258

Namespace(classes=2, dataDir='../osdi-ae-graphs', dataset='TWITTER-Real-Graph-Partial', dim=1323, dimWorker=32, enable_rabbit='False', hidden=16, loadFromTxt='False', manual_mode='True', model='gcn', num_epoches=200, partSize=32, sharedMem=100, verbose_mode='False', warpPerBlock=8)
Time (ms): 62.062

Namespace(classes=2, dataDir='../osdi-ae-graphs', dataset='SW-620H', dim=66, dimWorker=32, enable_rabbit='False', hidden=16, loadFromTxt='False', manual_mode='True', model='gcn', num_epoches=200, partSize=32, sharedMem=100, verbose_mode='False', warpPerBlock=8)
Time (ms): 98.984

Namespace(classes=22, dataDir='../osdi-ae-graphs', dataset='amazon0505', dim=96, dimWorker=32, enable_rabbit='False', hidden=16, loadFromTxt='False', manual_mode='True', model='gcn', num_epoches=200, partSize=32, sharedMem=100, verbose_mode='False', warpPerBlock=8)
Time (ms): 32.453

Namespace(classes=12, dataDir='../osdi-ae-graphs', dataset='artist', dim=100, dimWorker=32, enable_rabbit='False', hidden=16, loadFromTxt='False', manual_mode='True', model='gcn', num_epoches=200, partSize=32, sharedMem=100, verbose_mode='False', warpPerBlock=8)
Time (ms): 5.370

Namespace(classes=22, dataDir='../osdi-ae-graphs', dataset='com-amazon', dim=96, dimWorker=32, enable_rabbit='False', hidden=16, loadFromTxt='False', manual_mode='True', model='gcn', num_epoches=200, partSize=32, sharedMem=100, verbose_mode='False', warpPerBlock=8)
Time (ms): 23.733

Namespace(classes=39, dataDir='../osdi-ae-graphs', dataset='soc-BlogCatalog', dim=128, dimWorker=32, enable_rabbit='False', hidden=16, loadFromTxt='False', manual_mode='True', model='gcn', num_epoches=200, partSize=32, sharedMem=100, verbose_mode='False', warpPerBlock=8)
Time (ms): 9.337

Namespace(classes=22, dataDir='../osdi-ae-graphs', dataset='amazon0601', dim=96, dimWorker=32, enable_rabbit='False', hidden=16, loadFromTxt='False', manual_mode='True', model='gcn', num_epoches=200, partSize=32, sharedMem=100, verbose_mode='False', warpPerBlock=8)
Time (ms): 28.039

