Namespace(classes=7, dataDir='../osdi-ae-graphs', dataset='cora', dim=1433, dimWorker=32, enable_rabbit='False', hidden=64, loadFromTxt='False', manual_mode='True', model='gin', num_epoches=200, partSize=32, sharedMem=100, verbose_mode='False', warpPerBlock=8)
Time (ms): 4.941

Namespace(classes=3, dataDir='../osdi-ae-graphs', dataset='pubmed', dim=500, dimWorker=32, enable_rabbit='False', hidden=64, loadFromTxt='False', manual_mode='True', model='gin', num_epoches=200, partSize=32, sharedMem=100, verbose_mode='False', warpPerBlock=8)
Time (ms): 6.988

Namespace(classes=121, dataDir='../osdi-ae-graphs', dataset='ppi', dim=50, dimWorker=32, enable_rabbit='False', hidden=64, loadFromTxt='False', manual_mode='True', model='gin', num_epoches=200, partSize=32, sharedMem=100, verbose_mode='False', warpPerBlock=8)
Time (ms): 12.119

Namespace(classes=2, dataDir='../osdi-ae-graphs', dataset='PROTEINS_full', dim=29, dimWorker=32, enable_rabbit='False', hidden=64, loadFromTxt='False', manual_mode='True', model='gin', num_epoches=200, partSize=32, sharedMem=100, verbose_mode='False', warpPerBlock=8)
Time (ms): 5.522

Namespace(classes=2, dataDir='../osdi-ae-graphs', dataset='OVCAR-8H', dim=66, dimWorker=32, enable_rabbit='False', hidden=64, loadFromTxt='False', manual_mode='True', model='gin', num_epoches=200, partSize=32, sharedMem=100, verbose_mode='False', warpPerBlock=8)
Time (ms): 233.001

Namespace(classes=2, dataDir='../osdi-ae-graphs', dataset='Yeast', dim=74, dimWorker=32, enable_rabbit='False', hidden=64, loadFromTxt='False', manual_mode='True', model='gin', num_epoches=200, partSize=32, sharedMem=100, verbose_mode='False', warpPerBlock=8)
Time (ms): 212.733

Namespace(classes=2, dataDir='../osdi-ae-graphs', dataset='DD', dim=89, dimWorker=32, enable_rabbit='False', hidden=64, loadFromTxt='False', manual_mode='True', model='gin', num_epoches=200, partSize=32, sharedMem=100, verbose_mode='False', warpPerBlock=8)
Time (ms): 47.222

Namespace(classes=2, dataDir='../osdi-ae-graphs', dataset='TWITTER-Real-Graph-Partial', dim=1323, dimWorker=32, enable_rabbit='False', hidden=64, loadFromTxt='False', manual_mode='True', model='gin', num_epoches=200, partSize=32, sharedMem=100, verbose_mode='False', warpPerBlock=8)
Time (ms): 329.575

Namespace(classes=2, dataDir='../osdi-ae-graphs', dataset='SW-620H', dim=66, dimWorker=32, enable_rabbit='False', hidden=64, loadFromTxt='False', manual_mode='True', model='gin', num_epoches=200, partSize=32, sharedMem=100, verbose_mode='False', warpPerBlock=8)
Time (ms): 232.779

Namespace(classes=22, dataDir='../osdi-ae-graphs', dataset='amazon0505', dim=96, dimWorker=32, enable_rabbit='False', hidden=64, loadFromTxt='False', manual_mode='True', model='gin', num_epoches=200, partSize=32, sharedMem=100, verbose_mode='False', warpPerBlock=8)
Time (ms): 88.783

Namespace(classes=12, dataDir='../osdi-ae-graphs', dataset='artist', dim=100, dimWorker=32, enable_rabbit='False', hidden=64, loadFromTxt='False', manual_mode='True', model='gin', num_epoches=200, partSize=32, sharedMem=100, verbose_mode='False', warpPerBlock=8)
Time (ms): 19.116

Namespace(classes=22, dataDir='../osdi-ae-graphs', dataset='com-amazon', dim=96, dimWorker=32, enable_rabbit='False', hidden=64, loadFromTxt='False', manual_mode='True', model='gin', num_epoches=200, partSize=32, sharedMem=100, verbose_mode='False', warpPerBlock=8)
Time (ms): 61.200

Namespace(classes=39, dataDir='../osdi-ae-graphs', dataset='soc-BlogCatalog', dim=128, dimWorker=32, enable_rabbit='False', hidden=64, loadFromTxt='False', manual_mode='True', model='gin', num_epoches=200, partSize=32, sharedMem=100, verbose_mode='False', warpPerBlock=8)
Time (ms): 23.158

Namespace(classes=22, dataDir='../osdi-ae-graphs', dataset='amazon0601', dim=96, dimWorker=32, enable_rabbit='False', hidden=64, loadFromTxt='False', manual_mode='True', model='gin', num_epoches=200, partSize=32, sharedMem=100, verbose_mode='False', warpPerBlock=8)
Time (ms): 73.349

