Namespace(classes=6, dataDir='../osdi-ae-graphs', dataset='citeseer', dim=3703, dimWorker=32, enable_rabbit=False, hidden=64, loadFromTxt=False, manual_mode=False, model='gin', num_epoches=200, partSize=32, sharedMem=100, verbose_mode=False, warpPerBlock=2)
GNNAdvisor Time (ms): 9.983

Namespace(classes=7, dataDir='../osdi-ae-graphs', dataset='cora', dim=1433, dimWorker=32, enable_rabbit=False, hidden=64, loadFromTxt=False, manual_mode=False, model='gin', num_epoches=200, partSize=32, sharedMem=100, verbose_mode=False, warpPerBlock=2)
GNNAdvisor Time (ms): 9.148

Namespace(classes=3, dataDir='../osdi-ae-graphs', dataset='pubmed', dim=500, dimWorker=32, enable_rabbit=False, hidden=64, loadFromTxt=False, manual_mode=False, model='gin', num_epoches=200, partSize=32, sharedMem=100, verbose_mode=False, warpPerBlock=2)
GNNAdvisor Time (ms): 9.327

Namespace(classes=121, dataDir='../osdi-ae-graphs', dataset='ppi', dim=50, dimWorker=32, enable_rabbit=False, hidden=64, loadFromTxt=False, manual_mode=False, model='gin', num_epoches=200, partSize=32, sharedMem=100, verbose_mode=False, warpPerBlock=2)
GNNAdvisor Time (ms): 10.794

Namespace(classes=2, dataDir='../osdi-ae-graphs', dataset='PROTEINS_full', dim=29, dimWorker=32, enable_rabbit=False, hidden=64, loadFromTxt=False, manual_mode=False, model='gin', num_epoches=200, partSize=32, sharedMem=100, verbose_mode=False, warpPerBlock=2)
GNNAdvisor Time (ms): 9.632

Namespace(classes=2, dataDir='../osdi-ae-graphs', dataset='OVCAR-8H', dim=66, dimWorker=32, enable_rabbit=False, hidden=64, loadFromTxt=False, manual_mode=False, model='gin', num_epoches=200, partSize=32, sharedMem=100, verbose_mode=False, warpPerBlock=2)
GNNAdvisor Time (ms): 125.475

Namespace(classes=2, dataDir='../osdi-ae-graphs', dataset='Yeast', dim=74, dimWorker=32, enable_rabbit=False, hidden=64, loadFromTxt=False, manual_mode=False, model='gin', num_epoches=200, partSize=32, sharedMem=100, verbose_mode=False, warpPerBlock=2)
GNNAdvisor Time (ms): 114.711

Namespace(classes=2, dataDir='../osdi-ae-graphs', dataset='DD', dim=89, dimWorker=32, enable_rabbit=False, hidden=64, loadFromTxt=False, manual_mode=False, model='gin', num_epoches=200, partSize=32, sharedMem=100, verbose_mode=False, warpPerBlock=2)
GNNAdvisor Time (ms): 25.257

Namespace(classes=2, dataDir='../osdi-ae-graphs', dataset='TWITTER-Real-Graph-Partial', dim=1323, dimWorker=32, enable_rabbit=False, hidden=64, loadFromTxt=False, manual_mode=False, model='gin', num_epoches=200, partSize=32, sharedMem=100, verbose_mode=False, warpPerBlock=2)
GNNAdvisor Time (ms): 122.618

Namespace(classes=2, dataDir='../osdi-ae-graphs', dataset='SW-620H', dim=66, dimWorker=32, enable_rabbit=False, hidden=64, loadFromTxt=False, manual_mode=False, model='gin', num_epoches=200, partSize=32, sharedMem=100, verbose_mode=False, warpPerBlock=2)
GNNAdvisor Time (ms): 125.958

Namespace(classes=22, dataDir='../osdi-ae-graphs', dataset='amazon0505', dim=96, dimWorker=32, enable_rabbit=False, hidden=64, loadFromTxt=False, manual_mode=False, model='gin', num_epoches=200, partSize=32, sharedMem=100, verbose_mode=False, warpPerBlock=2)
GNNAdvisor Time (ms): 44.185

Namespace(classes=12, dataDir='../osdi-ae-graphs', dataset='artist', dim=100, dimWorker=32, enable_rabbit=False, hidden=64, loadFromTxt=False, manual_mode=False, model='gin', num_epoches=200, partSize=32, sharedMem=100, verbose_mode=False, warpPerBlock=2)
GNNAdvisor Time (ms): 10.794

Namespace(classes=22, dataDir='../osdi-ae-graphs', dataset='com-amazon', dim=96, dimWorker=32, enable_rabbit=False, hidden=64, loadFromTxt=False, manual_mode=False, model='gin', num_epoches=200, partSize=32, sharedMem=100, verbose_mode=False, warpPerBlock=2)
GNNAdvisor Time (ms): 31.840

Namespace(classes=39, dataDir='../osdi-ae-graphs', dataset='soc-BlogCatalog', dim=128, dimWorker=32, enable_rabbit=False, hidden=64, loadFromTxt=False, manual_mode=False, model='gin', num_epoches=200, partSize=32, sharedMem=100, verbose_mode=False, warpPerBlock=2)
GNNAdvisor Time (ms): 13.588

Namespace(classes=22, dataDir='../osdi-ae-graphs', dataset='amazon0601', dim=96, dimWorker=32, enable_rabbit=False, hidden=64, loadFromTxt=False, manual_mode=False, model='gin', num_epoches=200, partSize=32, sharedMem=100, verbose_mode=False, warpPerBlock=2)
GNNAdvisor Time (ms): 37.831

