Namespace(classes=6, dataDir='../osdi-ae-graphs', dataset='citeseer', dim=3703, dimWorker=32, enable_rabbit=False, hidden=16, loadFromTxt=False, manual_mode=False, model='gcn', num_epoches=200, partSize=32, sharedMem=64, warpPerBlock=8)
# Loading (npz)(s): 0.008
# nodes: 3327
# avg_degree: 2.77
# avg_edgeSpan: 1086
# Build CSR (s): 0.002
# Build nb_part (s): 0.007
----------------------------
Reorder flag is not set. Skipped...

=> MANUAL Config Complete !!!

# manual INPUT partSize: 32
# manual INPUT dimWorker: 32
# manual INPUT warpPerBlock: 8

# manual HIDDEN partSize: 32
# manual HIDDEN dimWorker: 32
# manual HIDDEN warpPerBlock: 8

----------------------------
Net(
  (conv1): GCNConv()
  (conv2): GCNConv()
)
GNNAdvisor Time (ms): 6.845

Namespace(classes=7, dataDir='../osdi-ae-graphs', dataset='cora', dim=1433, dimWorker=32, enable_rabbit=False, hidden=16, loadFromTxt=False, manual_mode=False, model='gcn', num_epoches=200, partSize=32, sharedMem=64, warpPerBlock=8)
# Loading (npz)(s): 0.007
# nodes: 2708
# avg_degree: 4.01
# avg_edgeSpan: 836
# Build CSR (s): 0.002
# Build nb_part (s): 0.005
----------------------------
Reorder flag is not set. Skipped...

=> MANUAL Config Complete !!!

# manual INPUT partSize: 32
# manual INPUT dimWorker: 32
# manual INPUT warpPerBlock: 8

# manual HIDDEN partSize: 32
# manual HIDDEN dimWorker: 32
# manual HIDDEN warpPerBlock: 8

----------------------------
Net(
  (conv1): GCNConv()
  (conv2): GCNConv()
)
GNNAdvisor Time (ms): 6.716

Namespace(classes=3, dataDir='../osdi-ae-graphs', dataset='pubmed', dim=500, dimWorker=32, enable_rabbit=False, hidden=16, loadFromTxt=False, manual_mode=False, model='gcn', num_epoches=200, partSize=32, sharedMem=64, warpPerBlock=8)
# Loading (npz)(s): 0.011
# nodes: 19717
# avg_degree: 4.50
# avg_edgeSpan: 6525
# Build CSR (s): 0.017
# Build nb_part (s): 0.033
----------------------------
Reorder flag is not set. Skipped...

=> MANUAL Config Complete !!!

# manual INPUT partSize: 32
# manual INPUT dimWorker: 32
# manual INPUT warpPerBlock: 8

# manual HIDDEN partSize: 32
# manual HIDDEN dimWorker: 32
# manual HIDDEN warpPerBlock: 8

----------------------------
Net(
  (conv1): GCNConv()
  (conv2): GCNConv()
)
GNNAdvisor Time (ms): 6.686

Namespace(classes=121, dataDir='../osdi-ae-graphs', dataset='ppi', dim=50, dimWorker=32, enable_rabbit=False, hidden=16, loadFromTxt=False, manual_mode=False, model='gcn', num_epoches=200, partSize=32, sharedMem=64, warpPerBlock=8)
# Loading (npz)(s): 0.035
# nodes: 56944
# avg_degree: 14.38
# avg_edgeSpan: 1823
# Build CSR (s): 0.183
# Build nb_part (s): 0.130
----------------------------
Reorder flag is not set. Skipped...

=> MANUAL Config Complete !!!

# manual INPUT partSize: 32
# manual INPUT dimWorker: 32
# manual INPUT warpPerBlock: 8

# manual HIDDEN partSize: 32
# manual HIDDEN dimWorker: 32
# manual HIDDEN warpPerBlock: 8

----------------------------
Net(
  (conv1): GCNConv()
  (conv2): GCNConv()
)
GNNAdvisor Time (ms): 8.205

Namespace(classes=2, dataDir='../osdi-ae-graphs', dataset='PROTEINS_full', dim=29, dimWorker=32, enable_rabbit=False, hidden=16, loadFromTxt=False, manual_mode=False, model='gcn', num_epoches=200, partSize=32, sharedMem=64, warpPerBlock=8)
# Loading (npz)(s): 0.013
# nodes: 43466
# avg_degree: 3.73
# avg_edgeSpan: 20
# Build CSR (s): 0.028
# Build nb_part (s): 0.104
----------------------------
Reorder flag is not set. Skipped...

=> MANUAL Config Complete !!!

# manual INPUT partSize: 32
# manual INPUT dimWorker: 32
# manual INPUT warpPerBlock: 8

# manual HIDDEN partSize: 32
# manual HIDDEN dimWorker: 32
# manual HIDDEN warpPerBlock: 8

----------------------------
Net(
  (conv1): GCNConv()
  (conv2): GCNConv()
)
GNNAdvisor Time (ms): 6.963

Namespace(classes=2, dataDir='../osdi-ae-graphs', dataset='OVCAR-8H', dim=66, dimWorker=32, enable_rabbit=False, hidden=16, loadFromTxt=False, manual_mode=False, model='gcn', num_epoches=200, partSize=32, sharedMem=64, warpPerBlock=8)
# Loading (npz)(s): 0.128
# nodes: 1889542
# avg_degree: 2.09
# avg_edgeSpan: 14
# Build CSR (s): 0.671
# Build nb_part (s): 3.189
----------------------------
Reorder flag is not set. Skipped...

=> MANUAL Config Complete !!!

# manual INPUT partSize: 32
# manual INPUT dimWorker: 32
# manual INPUT warpPerBlock: 8

# manual HIDDEN partSize: 32
# manual HIDDEN dimWorker: 32
# manual HIDDEN warpPerBlock: 8

----------------------------
Net(
  (conv1): GCNConv()
  (conv2): GCNConv()
)
GNNAdvisor Time (ms): 70.729

Namespace(classes=2, dataDir='../osdi-ae-graphs', dataset='Yeast', dim=74, dimWorker=32, enable_rabbit=False, hidden=16, loadFromTxt=False, manual_mode=False, model='gcn', num_epoches=200, partSize=32, sharedMem=64, warpPerBlock=8)
# Loading (npz)(s): 0.099
# nodes: 1710902
# avg_degree: 2.13
# avg_edgeSpan: 6
# Build CSR (s): 0.507
# Build nb_part (s): 2.841
----------------------------
Reorder flag is not set. Skipped...

=> MANUAL Config Complete !!!

# manual INPUT partSize: 32
# manual INPUT dimWorker: 32
# manual INPUT warpPerBlock: 8

# manual HIDDEN partSize: 32
# manual HIDDEN dimWorker: 32
# manual HIDDEN warpPerBlock: 8

----------------------------
Net(
  (conv1): GCNConv()
  (conv2): GCNConv()
)
GNNAdvisor Time (ms): 64.766

Namespace(classes=2, dataDir='../osdi-ae-graphs', dataset='DD', dim=89, dimWorker=32, enable_rabbit=False, hidden=16, loadFromTxt=False, manual_mode=False, model='gcn', num_epoches=200, partSize=32, sharedMem=64, warpPerBlock=8)
# Loading (npz)(s): 0.056
# nodes: 334925
# avg_degree: 5.03
# avg_edgeSpan: 88
# Build CSR (s): 0.279
# Build nb_part (s): 0.621
----------------------------
Reorder flag is not set. Skipped...

=> MANUAL Config Complete !!!

# manual INPUT partSize: 32
# manual INPUT dimWorker: 32
# manual INPUT warpPerBlock: 8

# manual HIDDEN partSize: 32
# manual HIDDEN dimWorker: 32
# manual HIDDEN warpPerBlock: 8

----------------------------
Net(
  (conv1): GCNConv()
  (conv2): GCNConv()
)
GNNAdvisor Time (ms): 14.507

Namespace(classes=2, dataDir='../osdi-ae-graphs', dataset='TWITTER-Real-Graph-Partial', dim=1323, dimWorker=32, enable_rabbit=False, hidden=16, loadFromTxt=False, manual_mode=False, model='gcn', num_epoches=200, partSize=32, sharedMem=64, warpPerBlock=8)
# Loading (npz)(s): 0.050
# nodes: 580768
# avg_degree: 2.47
# avg_edgeSpan: 1
# Build CSR (s): 0.259
# Build nb_part (s): 1.007
----------------------------
Reorder flag is not set. Skipped...

=> MANUAL Config Complete !!!

# manual INPUT partSize: 32
# manual INPUT dimWorker: 32
# manual INPUT warpPerBlock: 8

# manual HIDDEN partSize: 32
# manual HIDDEN dimWorker: 32
# manual HIDDEN warpPerBlock: 8

----------------------------
Net(
  (conv1): GCNConv()
  (conv2): GCNConv()
)
GNNAdvisor Time (ms): 34.204

Namespace(classes=2, dataDir='../osdi-ae-graphs', dataset='SW-620H', dim=66, dimWorker=32, enable_rabbit=False, hidden=16, loadFromTxt=False, manual_mode=False, model='gcn', num_epoches=200, partSize=32, sharedMem=64, warpPerBlock=8)
# Loading (npz)(s): 0.108
# nodes: 1888584
# avg_degree: 2.09
# avg_edgeSpan: 14
# Build CSR (s): 0.544
# Build nb_part (s): 3.153
----------------------------
Reorder flag is not set. Skipped...

=> MANUAL Config Complete !!!

# manual INPUT partSize: 32
# manual INPUT dimWorker: 32
# manual INPUT warpPerBlock: 8

# manual HIDDEN partSize: 32
# manual HIDDEN dimWorker: 32
# manual HIDDEN warpPerBlock: 8

----------------------------
Net(
  (conv1): GCNConv()
  (conv2): GCNConv()
)
GNNAdvisor Time (ms): 70.996

