Namespace(classes=22, dataDir='../osdi-ae-graphs', dataset='amazon0505', dim=96, dimWorker=32, enable_rabbit='False', hidden=16, loadFromTxt='False', manual_mode='True', model='gcn', num_epoches=200, partSize=2, sharedMem=100, single_spmm='False', verbose_mode='False', verify_spmm='False', warpPerBlock=8)
Time (ms): 22.427

Namespace(classes=12, dataDir='../osdi-ae-graphs', dataset='artist', dim=100, dimWorker=32, enable_rabbit='False', hidden=16, loadFromTxt='False', manual_mode='True', model='gcn', num_epoches=200, partSize=2, sharedMem=100, single_spmm='False', verbose_mode='False', verify_spmm='False', warpPerBlock=8)
Time (ms): 4.354

Namespace(classes=22, dataDir='../osdi-ae-graphs', dataset='com-amazon', dim=96, dimWorker=32, enable_rabbit='False', hidden=16, loadFromTxt='False', manual_mode='True', model='gcn', num_epoches=200, partSize=2, sharedMem=100, single_spmm='False', verbose_mode='False', verify_spmm='False', warpPerBlock=8)
Time (ms): 15.208

Namespace(classes=39, dataDir='../osdi-ae-graphs', dataset='soc-BlogCatalog', dim=128, dimWorker=32, enable_rabbit='False', hidden=16, loadFromTxt='False', manual_mode='True', model='gcn', num_epoches=200, partSize=2, sharedMem=100, single_spmm='False', verbose_mode='False', verify_spmm='False', warpPerBlock=8)
Time (ms): 8.818

Namespace(classes=22, dataDir='../osdi-ae-graphs', dataset='amazon0601', dim=96, dimWorker=32, enable_rabbit='False', hidden=16, loadFromTxt='False', manual_mode='True', model='gcn', num_epoches=200, partSize=2, sharedMem=100, single_spmm='False', verbose_mode='False', verify_spmm='False', warpPerBlock=8)
Time (ms): 23.587

Namespace(classes=22, dataDir='../osdi-ae-graphs', dataset='amazon0505', dim=96, dimWorker=32, enable_rabbit='False', hidden=16, loadFromTxt='False', manual_mode='True', model='gcn', num_epoches=200, partSize=4, sharedMem=100, single_spmm='False', verbose_mode='False', verify_spmm='False', warpPerBlock=8)
Time (ms): 19.840

Namespace(classes=12, dataDir='../osdi-ae-graphs', dataset='artist', dim=100, dimWorker=32, enable_rabbit='False', hidden=16, loadFromTxt='False', manual_mode='True', model='gcn', num_epoches=200, partSize=4, sharedMem=100, single_spmm='False', verbose_mode='False', verify_spmm='False', warpPerBlock=8)
Time (ms): 3.118

Namespace(classes=22, dataDir='../osdi-ae-graphs', dataset='com-amazon', dim=96, dimWorker=32, enable_rabbit='False', hidden=16, loadFromTxt='False', manual_mode='True', model='gcn', num_epoches=200, partSize=4, sharedMem=100, single_spmm='False', verbose_mode='False', verify_spmm='False', warpPerBlock=8)
Time (ms): 14.333

Namespace(classes=39, dataDir='../osdi-ae-graphs', dataset='soc-BlogCatalog', dim=128, dimWorker=32, enable_rabbit='False', hidden=16, loadFromTxt='False', manual_mode='True', model='gcn', num_epoches=200, partSize=4, sharedMem=100, single_spmm='False', verbose_mode='False', verify_spmm='False', warpPerBlock=8)
Time (ms): 6.041

Namespace(classes=22, dataDir='../osdi-ae-graphs', dataset='amazon0601', dim=96, dimWorker=32, enable_rabbit='False', hidden=16, loadFromTxt='False', manual_mode='True', model='gcn', num_epoches=200, partSize=4, sharedMem=100, single_spmm='False', verbose_mode='False', verify_spmm='False', warpPerBlock=8)
Time (ms): 19.763

Namespace(classes=22, dataDir='../osdi-ae-graphs', dataset='amazon0505', dim=96, dimWorker=32, enable_rabbit='False', hidden=16, loadFromTxt='False', manual_mode='True', model='gcn', num_epoches=200, partSize=8, sharedMem=100, single_spmm='False', verbose_mode='False', verify_spmm='False', warpPerBlock=8)
Time (ms): 18.864

Namespace(classes=12, dataDir='../osdi-ae-graphs', dataset='artist', dim=100, dimWorker=32, enable_rabbit='False', hidden=16, loadFromTxt='False', manual_mode='True', model='gcn', num_epoches=200, partSize=8, sharedMem=100, single_spmm='False', verbose_mode='False', verify_spmm='False', warpPerBlock=8)
Time (ms): 3.254

Namespace(classes=22, dataDir='../osdi-ae-graphs', dataset='com-amazon', dim=96, dimWorker=32, enable_rabbit='False', hidden=16, loadFromTxt='False', manual_mode='True', model='gcn', num_epoches=200, partSize=8, sharedMem=100, single_spmm='False', verbose_mode='False', verify_spmm='False', warpPerBlock=8)
Time (ms): 14.064

Namespace(classes=39, dataDir='../osdi-ae-graphs', dataset='soc-BlogCatalog', dim=128, dimWorker=32, enable_rabbit='False', hidden=16, loadFromTxt='False', manual_mode='True', model='gcn', num_epoches=200, partSize=8, sharedMem=100, single_spmm='False', verbose_mode='False', verify_spmm='False', warpPerBlock=8)
Time (ms): 5.101

Namespace(classes=22, dataDir='../osdi-ae-graphs', dataset='amazon0601', dim=96, dimWorker=32, enable_rabbit='False', hidden=16, loadFromTxt='False', manual_mode='True', model='gcn', num_epoches=200, partSize=8, sharedMem=100, single_spmm='False', verbose_mode='False', verify_spmm='False', warpPerBlock=8)
Time (ms): 18.495

Namespace(classes=22, dataDir='../osdi-ae-graphs', dataset='amazon0505', dim=96, dimWorker=32, enable_rabbit='False', hidden=16, loadFromTxt='False', manual_mode='True', model='gcn', num_epoches=200, partSize=16, sharedMem=100, single_spmm='False', verbose_mode='False', verify_spmm='False', warpPerBlock=8)
Time (ms): 18.306

Namespace(classes=12, dataDir='../osdi-ae-graphs', dataset='artist', dim=100, dimWorker=32, enable_rabbit='False', hidden=16, loadFromTxt='False', manual_mode='True', model='gcn', num_epoches=200, partSize=16, sharedMem=100, single_spmm='False', verbose_mode='False', verify_spmm='False', warpPerBlock=8)
Time (ms): 3.276

Namespace(classes=22, dataDir='../osdi-ae-graphs', dataset='com-amazon', dim=96, dimWorker=32, enable_rabbit='False', hidden=16, loadFromTxt='False', manual_mode='True', model='gcn', num_epoches=200, partSize=16, sharedMem=100, single_spmm='False', verbose_mode='False', verify_spmm='False', warpPerBlock=8)
Time (ms): 14.063

Namespace(classes=39, dataDir='../osdi-ae-graphs', dataset='soc-BlogCatalog', dim=128, dimWorker=32, enable_rabbit='False', hidden=16, loadFromTxt='False', manual_mode='True', model='gcn', num_epoches=200, partSize=16, sharedMem=100, single_spmm='False', verbose_mode='False', verify_spmm='False', warpPerBlock=8)
Time (ms): 4.747

Namespace(classes=22, dataDir='../osdi-ae-graphs', dataset='amazon0601', dim=96, dimWorker=32, enable_rabbit='False', hidden=16, loadFromTxt='False', manual_mode='True', model='gcn', num_epoches=200, partSize=16, sharedMem=100, single_spmm='False', verbose_mode='False', verify_spmm='False', warpPerBlock=8)
Time (ms): 17.670

Namespace(classes=22, dataDir='../osdi-ae-graphs', dataset='amazon0505', dim=96, dimWorker=32, enable_rabbit='False', hidden=16, loadFromTxt='False', manual_mode='True', model='gcn', num_epoches=200, partSize=32, sharedMem=100, single_spmm='False', verbose_mode='False', verify_spmm='False', warpPerBlock=8)
Time (ms): 18.230

Namespace(classes=12, dataDir='../osdi-ae-graphs', dataset='artist', dim=100, dimWorker=32, enable_rabbit='False', hidden=16, loadFromTxt='False', manual_mode='True', model='gcn', num_epoches=200, partSize=32, sharedMem=100, single_spmm='False', verbose_mode='False', verify_spmm='False', warpPerBlock=8)
Time (ms): 3.177

Namespace(classes=22, dataDir='../osdi-ae-graphs', dataset='com-amazon', dim=96, dimWorker=32, enable_rabbit='False', hidden=16, loadFromTxt='False', manual_mode='True', model='gcn', num_epoches=200, partSize=32, sharedMem=100, single_spmm='False', verbose_mode='False', verify_spmm='False', warpPerBlock=8)
Time (ms): 14.097

Namespace(classes=39, dataDir='../osdi-ae-graphs', dataset='soc-BlogCatalog', dim=128, dimWorker=32, enable_rabbit='False', hidden=16, loadFromTxt='False', manual_mode='True', model='gcn', num_epoches=200, partSize=32, sharedMem=100, single_spmm='False', verbose_mode='False', verify_spmm='False', warpPerBlock=8)
Time (ms): 4.713

Namespace(classes=22, dataDir='../osdi-ae-graphs', dataset='amazon0601', dim=96, dimWorker=32, enable_rabbit='False', hidden=16, loadFromTxt='False', manual_mode='True', model='gcn', num_epoches=200, partSize=32, sharedMem=100, single_spmm='False', verbose_mode='False', verify_spmm='False', warpPerBlock=8)
Time (ms): 17.551

Namespace(classes=22, dataDir='../osdi-ae-graphs', dataset='amazon0505', dim=96, dimWorker=32, enable_rabbit='False', hidden=16, loadFromTxt='False', manual_mode='True', model='gcn', num_epoches=200, partSize=64, sharedMem=100, single_spmm='False', verbose_mode='False', verify_spmm='False', warpPerBlock=8)
Time (ms): 18.366

Namespace(classes=12, dataDir='../osdi-ae-graphs', dataset='artist', dim=100, dimWorker=32, enable_rabbit='False', hidden=16, loadFromTxt='False', manual_mode='True', model='gcn', num_epoches=200, partSize=64, sharedMem=100, single_spmm='False', verbose_mode='False', verify_spmm='False', warpPerBlock=8)
Time (ms): 2.463

Namespace(classes=22, dataDir='../osdi-ae-graphs', dataset='com-amazon', dim=96, dimWorker=32, enable_rabbit='False', hidden=16, loadFromTxt='False', manual_mode='True', model='gcn', num_epoches=200, partSize=64, sharedMem=100, single_spmm='False', verbose_mode='False', verify_spmm='False', warpPerBlock=8)
Time (ms): 14.300

Namespace(classes=39, dataDir='../osdi-ae-graphs', dataset='soc-BlogCatalog', dim=128, dimWorker=32, enable_rabbit='False', hidden=16, loadFromTxt='False', manual_mode='True', model='gcn', num_epoches=200, partSize=64, sharedMem=100, single_spmm='False', verbose_mode='False', verify_spmm='False', warpPerBlock=8)
Time (ms): 4.696

Namespace(classes=22, dataDir='../osdi-ae-graphs', dataset='amazon0601', dim=96, dimWorker=32, enable_rabbit='False', hidden=16, loadFromTxt='False', manual_mode='True', model='gcn', num_epoches=200, partSize=64, sharedMem=100, single_spmm='False', verbose_mode='False', verify_spmm='False', warpPerBlock=8)
Time (ms): 17.559

Namespace(classes=22, dataDir='../osdi-ae-graphs', dataset='amazon0505', dim=96, dimWorker=32, enable_rabbit='False', hidden=16, loadFromTxt='False', manual_mode='True', model='gcn', num_epoches=200, partSize=128, sharedMem=100, single_spmm='False', verbose_mode='False', verify_spmm='False', warpPerBlock=8)
Time (ms): 18.273

Namespace(classes=12, dataDir='../osdi-ae-graphs', dataset='artist', dim=100, dimWorker=32, enable_rabbit='False', hidden=16, loadFromTxt='False', manual_mode='True', model='gcn', num_epoches=200, partSize=128, sharedMem=100, single_spmm='False', verbose_mode='False', verify_spmm='False', warpPerBlock=8)
Time (ms): 3.168

Namespace(classes=22, dataDir='../osdi-ae-graphs', dataset='com-amazon', dim=96, dimWorker=32, enable_rabbit='False', hidden=16, loadFromTxt='False', manual_mode='True', model='gcn', num_epoches=200, partSize=128, sharedMem=100, single_spmm='False', verbose_mode='False', verify_spmm='False', warpPerBlock=8)
Time (ms): 14.234

Namespace(classes=39, dataDir='../osdi-ae-graphs', dataset='soc-BlogCatalog', dim=128, dimWorker=32, enable_rabbit='False', hidden=16, loadFromTxt='False', manual_mode='True', model='gcn', num_epoches=200, partSize=128, sharedMem=100, single_spmm='False', verbose_mode='False', verify_spmm='False', warpPerBlock=8)
Time (ms): 4.759

Namespace(classes=22, dataDir='../osdi-ae-graphs', dataset='amazon0601', dim=96, dimWorker=32, enable_rabbit='False', hidden=16, loadFromTxt='False', manual_mode='True', model='gcn', num_epoches=200, partSize=128, sharedMem=100, single_spmm='False', verbose_mode='False', verify_spmm='False', warpPerBlock=8)
Time (ms): 17.604

Namespace(classes=22, dataDir='../osdi-ae-graphs', dataset='amazon0505', dim=96, dimWorker=32, enable_rabbit='False', hidden=16, loadFromTxt='False', manual_mode='True', model='gcn', num_epoches=200, partSize=256, sharedMem=100, single_spmm='False', verbose_mode='False', verify_spmm='False', warpPerBlock=8)
Time (ms): 19.362

Namespace(classes=12, dataDir='../osdi-ae-graphs', dataset='artist', dim=100, dimWorker=32, enable_rabbit='False', hidden=16, loadFromTxt='False', manual_mode='True', model='gcn', num_epoches=200, partSize=256, sharedMem=100, single_spmm='False', verbose_mode='False', verify_spmm='False', warpPerBlock=8)
Time (ms): 3.468

Namespace(classes=22, dataDir='../osdi-ae-graphs', dataset='com-amazon', dim=96, dimWorker=32, enable_rabbit='False', hidden=16, loadFromTxt='False', manual_mode='True', model='gcn', num_epoches=200, partSize=256, sharedMem=100, single_spmm='False', verbose_mode='False', verify_spmm='False', warpPerBlock=8)
Time (ms): 15.258

Namespace(classes=39, dataDir='../osdi-ae-graphs', dataset='soc-BlogCatalog', dim=128, dimWorker=32, enable_rabbit='False', hidden=16, loadFromTxt='False', manual_mode='True', model='gcn', num_epoches=200, partSize=256, sharedMem=100, single_spmm='False', verbose_mode='False', verify_spmm='False', warpPerBlock=8)
Time (ms): 5.442

Namespace(classes=22, dataDir='../osdi-ae-graphs', dataset='amazon0601', dim=96, dimWorker=32, enable_rabbit='False', hidden=16, loadFromTxt='False', manual_mode='True', model='gcn', num_epoches=200, partSize=256, sharedMem=100, single_spmm='False', verbose_mode='False', verify_spmm='False', warpPerBlock=8)
Time (ms): 18.228

Namespace(classes=22, dataDir='../osdi-ae-graphs', dataset='amazon0505', dim=96, dimWorker=32, enable_rabbit='False', hidden=16, loadFromTxt='False', manual_mode='True', model='gcn', num_epoches=200, partSize=512, sharedMem=100, single_spmm='False', verbose_mode='False', verify_spmm='False', warpPerBlock=8)
Time (ms): 20.265

Namespace(classes=12, dataDir='../osdi-ae-graphs', dataset='artist', dim=100, dimWorker=32, enable_rabbit='False', hidden=16, loadFromTxt='False', manual_mode='True', model='gcn', num_epoches=200, partSize=512, sharedMem=100, single_spmm='False', verbose_mode='False', verify_spmm='False', warpPerBlock=8)
Time (ms): 4.229

Namespace(classes=22, dataDir='../osdi-ae-graphs', dataset='com-amazon', dim=96, dimWorker=32, enable_rabbit='False', hidden=16, loadFromTxt='False', manual_mode='True', model='gcn', num_epoches=200, partSize=512, sharedMem=100, single_spmm='False', verbose_mode='False', verify_spmm='False', warpPerBlock=8)
Time (ms): 16.159

Namespace(classes=39, dataDir='../osdi-ae-graphs', dataset='soc-BlogCatalog', dim=128, dimWorker=32, enable_rabbit='False', hidden=16, loadFromTxt='False', manual_mode='True', model='gcn', num_epoches=200, partSize=512, sharedMem=100, single_spmm='False', verbose_mode='False', verify_spmm='False', warpPerBlock=8)
Time (ms): 6.202

Namespace(classes=22, dataDir='../osdi-ae-graphs', dataset='amazon0601', dim=96, dimWorker=32, enable_rabbit='False', hidden=16, loadFromTxt='False', manual_mode='True', model='gcn', num_epoches=200, partSize=512, sharedMem=100, single_spmm='False', verbose_mode='False', verify_spmm='False', warpPerBlock=8)
Time (ms): 19.282

******************************
++ Part-size: 2
******************************
amazon0505---partsize: 2
=================
artist---partsize: 2
=================
com-amazon---partsize: 2
=================
soc-BlogCatalog---partsize: 2
=================
amazon0601---partsize: 2
=================
******************************
++ Part-size: 4
******************************
amazon0505---partsize: 4
=================
artist---partsize: 4
=================
com-amazon---partsize: 4
=================
soc-BlogCatalog---partsize: 4
=================
amazon0601---partsize: 4
=================
******************************
++ Part-size: 8
******************************
amazon0505---partsize: 8
=================
artist---partsize: 8
=================
com-amazon---partsize: 8
=================
soc-BlogCatalog---partsize: 8
=================
amazon0601---partsize: 8
=================
******************************
++ Part-size: 16
******************************
amazon0505---partsize: 16
=================
artist---partsize: 16
=================
com-amazon---partsize: 16
=================
soc-BlogCatalog---partsize: 16
=================
amazon0601---partsize: 16
=================
******************************
++ Part-size: 32
******************************
amazon0505---partsize: 32
=================
artist---partsize: 32
=================
com-amazon---partsize: 32
=================
soc-BlogCatalog---partsize: 32
=================
amazon0601---partsize: 32
=================
******************************
++ Part-size: 64
******************************
amazon0505---partsize: 64
=================
artist---partsize: 64
=================
com-amazon---partsize: 64
=================
soc-BlogCatalog---partsize: 64
=================
amazon0601---partsize: 64
=================
******************************
++ Part-size: 128
******************************
amazon0505---partsize: 128
=================
artist---partsize: 128
=================
com-amazon---partsize: 128
=================
soc-BlogCatalog---partsize: 128
=================
amazon0601---partsize: 128
=================
******************************
++ Part-size: 256
******************************
amazon0505---partsize: 256
=================
artist---partsize: 256
=================
com-amazon---partsize: 256
=================
soc-BlogCatalog---partsize: 256
=================
amazon0601---partsize: 256
=================
******************************
++ Part-size: 512
******************************
amazon0505---partsize: 512
=================
artist---partsize: 512
=================
com-amazon---partsize: 512
=================
soc-BlogCatalog---partsize: 512
=================
amazon0601---partsize: 512
=================
