Namespace(classes=6, dataset='citeseer', dim=3703, gpu=0, hidden=64, n_epochs=200)
# Loading (npz): 0.009s 
DGL Time: (ms) 14.794

Namespace(classes=7, dataset='cora', dim=1433, gpu=0, hidden=64, n_epochs=200)
# Loading (npz): 0.008s 
DGL Time: (ms) 15.015

Namespace(classes=3, dataset='pubmed', dim=500, gpu=0, hidden=64, n_epochs=200)
# Loading (npz): 0.011s 
DGL Time: (ms) 15.134

Namespace(classes=121, dataset='ppi', dim=50, gpu=0, hidden=64, n_epochs=200)
# Loading (npz): 0.035s 
DGL Time: (ms) 15.730

Namespace(classes=2, dataset='PROTEINS_full', dim=29, gpu=0, hidden=64, n_epochs=200)
# Loading (npz): 0.015s 
DGL Time: (ms) 14.860

Namespace(classes=2, dataset='OVCAR-8H', dim=66, gpu=0, hidden=64, n_epochs=200)
# Loading (npz): 0.129s 
DGL Time: (ms) 131.567

Namespace(classes=2, dataset='Yeast', dim=74, gpu=0, hidden=64, n_epochs=200)
# Loading (npz): 0.125s 
DGL Time: (ms) 121.483

Namespace(classes=2, dataset='DD', dim=89, gpu=0, hidden=64, n_epochs=200)
# Loading (npz): 0.053s 
DGL Time: (ms) 24.849

Namespace(classes=2, dataset='TWITTER-Real-Graph-Partial', dim=1323, gpu=0, hidden=64, n_epochs=200)
# Loading (npz): 0.055s 
DGL Time: (ms) 88.045

Namespace(classes=2, dataset='SW-620H', dim=66, gpu=0, hidden=64, n_epochs=200)
# Loading (npz): 0.109s 
DGL Time: (ms) 131.695

Namespace(classes=22, dataset='amazon0505', dim=96, gpu=0, hidden=64, n_epochs=200)
# Loading (npz): 0.146s 
DGL Time: (ms) 41.693

Namespace(classes=12, dataset='artist', dim=100, gpu=0, hidden=64, n_epochs=200)
# Loading (npz): 0.056s 
DGL Time: (ms) 15.111

Namespace(classes=22, dataset='com-amazon', dim=96, gpu=0, hidden=64, n_epochs=200)
# Loading (npz): 0.065s 
DGL Time: (ms) 30.746

Namespace(classes=39, dataset='soc-BlogCatalog', dim=128, gpu=0, hidden=64, n_epochs=200)
# Loading (npz): 0.066s 
DGL Time: (ms) 15.260

Namespace(classes=22, dataset='amazon0601', dim=96, gpu=0, hidden=64, n_epochs=200)
# Loading (npz): 0.090s 
DGL Time: (ms) 37.557