Namespace(classes=6, dataDir='../osdi-ae-graphs', dataset='citeseer', dim=3703, gpu=0, hidden=64, model='gin', n_epochs=200)
# Loading (npz): 0.009s 
DGL GIN (L5-H64) Time: (ms) 11.602

Namespace(classes=7, dataDir='../osdi-ae-graphs', dataset='cora', dim=1433, gpu=0, hidden=64, model='gin', n_epochs=200)
# Loading (npz): 0.009s 
DGL GIN (L5-H64) Time: (ms) 11.688

Namespace(classes=3, dataDir='../osdi-ae-graphs', dataset='pubmed', dim=500, gpu=0, hidden=64, model='gin', n_epochs=200)
# Loading (npz): 0.012s 
DGL GIN (L5-H64) Time: (ms) 11.994

Namespace(classes=121, dataDir='../osdi-ae-graphs', dataset='ppi', dim=50, gpu=0, hidden=64, model='gin', n_epochs=200)
# Loading (npz): 0.033s 
DGL GIN (L5-H64) Time: (ms) 13.650

Namespace(classes=2, dataDir='../osdi-ae-graphs', dataset='PROTEINS_full', dim=29, gpu=0, hidden=64, model='gin', n_epochs=200)
# Loading (npz): 0.015s 
DGL GIN (L5-H64) Time: (ms) 12.516

Namespace(classes=2, dataDir='../osdi-ae-graphs', dataset='OVCAR-8H', dim=66, gpu=0, hidden=64, model='gin', n_epochs=200)
# Loading (npz): 0.119s 
DGL GIN (L5-H64) Time: (ms) 332.274

Namespace(classes=2, dataDir='../osdi-ae-graphs', dataset='Yeast', dim=74, gpu=0, hidden=64, model='gin', n_epochs=200)
# Loading (npz): 0.113s 
DGL GIN (L5-H64) Time: (ms) 305.956

Namespace(classes=2, dataDir='../osdi-ae-graphs', dataset='DD', dim=89, gpu=0, hidden=64, model='gin', n_epochs=200)
# Loading (npz): 0.057s 
DGL GIN (L5-H64) Time: (ms) 61.954

Namespace(classes=2, dataDir='../osdi-ae-graphs', dataset='TWITTER-Real-Graph-Partial', dim=1323, gpu=0, hidden=64, model='gin', n_epochs=200)
# Loading (npz): 0.054s 
DGL GIN (L5-H64) Time: (ms) 234.019

Namespace(classes=2, dataDir='../osdi-ae-graphs', dataset='SW-620H', dim=66, gpu=0, hidden=64, model='gin', n_epochs=200)
# Loading (npz): 0.119s 
DGL GIN (L5-H64) Time: (ms) 330.673

Namespace(classes=22, dataDir='../osdi-ae-graphs', dataset='amazon0505', dim=96, gpu=0, hidden=64, model='gin', n_epochs=200)
# Loading (npz): 0.138s 
DGL GIN (L5-H64) Time: (ms) 94.685

Namespace(classes=12, dataDir='../osdi-ae-graphs', dataset='artist', dim=100, gpu=0, hidden=64, model='gin', n_epochs=200)
# Loading (npz): 0.054s 
DGL GIN (L5-H64) Time: (ms) 17.322

Namespace(classes=22, dataDir='../osdi-ae-graphs', dataset='com-amazon', dim=96, gpu=0, hidden=64, model='gin', n_epochs=200)
# Loading (npz): 0.066s 
DGL GIN (L5-H64) Time: (ms) 72.590

Namespace(classes=39, dataDir='../osdi-ae-graphs', dataset='soc-BlogCatalog', dim=128, gpu=0, hidden=64, model='gin', n_epochs=200)
# Loading (npz): 0.066s 
DGL GIN (L5-H64) Time: (ms) 24.598

Namespace(classes=22, dataDir='../osdi-ae-graphs', dataset='amazon0601', dim=96, gpu=0, hidden=64, model='gin', n_epochs=200)
# Loading (npz): 0.099s 
DGL GIN (L5-H64) Time: (ms) 84.924

