Namespace(classes=6, dataDir='../osdi-ae-graphs', dataset='citeseer', dim=3703, gpu=0, hidden=16, model='gcn', n_epochs=200)
# Loading (npz): 0.010s 
DGL GCN (L2-H16) Time: (ms) 5.992

Namespace(classes=7, dataDir='../osdi-ae-graphs', dataset='cora', dim=1433, gpu=0, hidden=16, model='gcn', n_epochs=200)
# Loading (npz): 0.009s 
DGL GCN (L2-H16) Time: (ms) 6.040

Namespace(classes=3, dataDir='../osdi-ae-graphs', dataset='pubmed', dim=500, gpu=0, hidden=16, model='gcn', n_epochs=200)
# Loading (npz): 0.012s 
DGL GCN (L2-H16) Time: (ms) 6.353

Namespace(classes=121, dataDir='../osdi-ae-graphs', dataset='ppi', dim=50, gpu=0, hidden=16, model='gcn', n_epochs=200)
# Loading (npz): 0.036s 
DGL GCN (L2-H16) Time: (ms) 7.189

Namespace(classes=2, dataDir='../osdi-ae-graphs', dataset='PROTEINS_full', dim=29, gpu=0, hidden=16, model='gcn', n_epochs=200)
# Loading (npz): 0.015s 
DGL GCN (L2-H16) Time: (ms) 6.608

Namespace(classes=2, dataDir='../osdi-ae-graphs', dataset='OVCAR-8H', dim=66, gpu=0, hidden=16, model='gcn', n_epochs=200)
# Loading (npz): 0.120s 
DGL GCN (L2-H16) Time: (ms) 96.070

Namespace(classes=2, dataDir='../osdi-ae-graphs', dataset='Yeast', dim=74, gpu=0, hidden=16, model='gcn', n_epochs=200)
# Loading (npz): 0.113s 
DGL GCN (L2-H16) Time: (ms) 87.630

Namespace(classes=2, dataDir='../osdi-ae-graphs', dataset='DD', dim=89, gpu=0, hidden=16, model='gcn', n_epochs=200)
# Loading (npz): 0.058s 
DGL GCN (L2-H16) Time: (ms) 19.865

Namespace(classes=2, dataDir='../osdi-ae-graphs', dataset='TWITTER-Real-Graph-Partial', dim=1323, gpu=0, hidden=16, model='gcn', n_epochs=200)
# Loading (npz): 0.054s 
DGL GCN (L2-H16) Time: (ms) 69.607

Namespace(classes=2, dataDir='../osdi-ae-graphs', dataset='SW-620H', dim=66, gpu=0, hidden=16, model='gcn', n_epochs=200)
# Loading (npz): 0.117s 
DGL GCN (L2-H16) Time: (ms) 95.866

Namespace(classes=22, dataDir='../osdi-ae-graphs', dataset='amazon0505', dim=96, gpu=0, hidden=16, model='gcn', n_epochs=200)
# Loading (npz): 0.140s 
DGL GCN (L2-H16) Time: (ms) 31.152

Namespace(classes=12, dataDir='../osdi-ae-graphs', dataset='artist', dim=100, gpu=0, hidden=16, model='gcn', n_epochs=200)
# Loading (npz): 0.055s 
DGL GCN (L2-H16) Time: (ms) 6.619

Namespace(classes=22, dataDir='../osdi-ae-graphs', dataset='com-amazon', dim=96, gpu=0, hidden=16, model='gcn', n_epochs=200)
# Loading (npz): 0.061s 
DGL GCN (L2-H16) Time: (ms) 25.066

Namespace(classes=39, dataDir='../osdi-ae-graphs', dataset='soc-BlogCatalog', dim=128, gpu=0, hidden=16, model='gcn', n_epochs=200)
# Loading (npz): 0.073s 
DGL GCN (L2-H16) Time: (ms) 8.914

Namespace(classes=22, dataDir='../osdi-ae-graphs', dataset='amazon0601', dim=96, gpu=0, hidden=16, model='gcn', n_epochs=200)
# Loading (npz): 0.100s 
DGL GCN (L2-H16) Time: (ms) 29.029

